  [4;36;1mSQL (0.000518)[0m   [0;1mselect sqlite_version(*)[0m
  [4;35;1mSQL (0.003909)[0m   [0mCREATE TABLE schema_info (version integer)[0m
  [4;36;1mSQL (0.001897)[0m   [0;1mINSERT INTO schema_info (version) VALUES(0)[0m
  [4;35;1mSQL (0.000000)[0m   [0mSQLite3::SQLException: table schema_info already exists: CREATE TABLE schema_info (version integer)[0m
  [4;36;1mSQL (0.000465)[0m   [0;1mSELECT version FROM schema_info[0m
Migrating to CreateIdeas (1)
  [4;35;1mSQL (0.025893)[0m   [0mCREATE TABLE ideas ("id" INTEGER PRIMARY KEY AUTOINCREMENT NOT NULL, "title" varchar(255) DEFAULT NULL, "body" text DEFAULT NULL, "votes" integer DEFAULT 1, "category_id" integer DEFAULT NULL, "author" varchar(255) DEFAULT NULL, "in_action" boolean DEFAULT 'f', "created_at" datetime DEFAULT NULL, "updated_at" datetime DEFAULT NULL) [0m
  [4;36;1mSQL (0.001948)[0m   [0;1mUPDATE schema_info SET version = 1[0m
  [4;35;1mSQL (0.000414)[0m   [0mSELECT version FROM schema_info[0m
Migrating to CreateUsers (2)
  [4;36;1mSQL (0.003053)[0m   [0;1mCREATE TABLE users ("id" INTEGER PRIMARY KEY AUTOINCREMENT NOT NULL, "name" varchar(255) DEFAULT NULL, "created_at" datetime DEFAULT NULL, "updated_at" datetime DEFAULT NULL) [0m
  [4;35;1mSQL (0.019275)[0m   [0mUPDATE schema_info SET version = 2[0m
  [4;36;1mSQL (0.000426)[0m   [0;1mSELECT version FROM schema_info[0m
Migrating to CreateComments (3)
  [4;35;1mSQL (0.002638)[0m   [0mCREATE TABLE comments ("id" INTEGER PRIMARY KEY AUTOINCREMENT NOT NULL, "body" text DEFAULT NULL, "user_id" integer DEFAULT NULL, "idea_id" integer DEFAULT NULL, "created_at" datetime DEFAULT NULL, "updated_at" datetime DEFAULT NULL) [0m
  [4;36;1mSQL (0.001960)[0m   [0;1mUPDATE schema_info SET version = 3[0m
  [4;35;1mSQL (0.000409)[0m   [0mSELECT version FROM schema_info[0m
Migrating to AddUserIdToUsers (4)
  [4;36;1mSQL (0.002292)[0m   [0;1mALTER TABLE ideas ADD "user_id" integer[0m
  [4;35;1mSQL (0.005123)[0m   [0mVACUUM[0m
  [4;36;1mSQL (0.003711)[0m   [0;1mUPDATE schema_info SET version = 4[0m
  [4;35;1mSQL (0.000413)[0m   [0mSELECT version FROM schema_info[0m
Migrating to CreateVotes (5)
  [4;36;1mSQL (0.003016)[0m   [0;1mCREATE TABLE votes ("id" INTEGER PRIMARY KEY AUTOINCREMENT NOT NULL, "user_id" integer DEFAULT NULL, "idea_id" integer DEFAULT NULL, "created_at" datetime DEFAULT NULL, "updated_at" datetime DEFAULT NULL) [0m
  [4;35;1mSQL (0.001961)[0m   [0mUPDATE schema_info SET version = 5[0m
  [4;36;1mSQL (0.000409)[0m   [0;1mSELECT version FROM schema_info[0m
Migrating to ActsAsTaggableMigration (6)
  [4;35;1mSQL (0.002695)[0m   [0mCREATE TABLE tags ("id" INTEGER PRIMARY KEY AUTOINCREMENT NOT NULL, "name" varchar(255) DEFAULT NULL) [0m
  [4;36;1mSQL (0.002934)[0m   [0;1mCREATE TABLE taggings ("id" INTEGER PRIMARY KEY AUTOINCREMENT NOT NULL, "tag_id" integer DEFAULT NULL, "taggable_id" integer DEFAULT NULL, "taggable_type" varchar(255) DEFAULT NULL, "created_at" datetime DEFAULT NULL) [0m
  [4;35;1mSQL (0.006091)[0m   [0mCREATE INDEX "index_taggings_on_tag_id" ON taggings ("tag_id")[0m
  [4;36;1mSQL (0.002793)[0m   [0;1mCREATE INDEX "index_taggings_on_taggable_id_and_taggable_type" ON taggings ("taggable_id", "taggable_type")[0m
  [4;35;1mSQL (0.001945)[0m   [0mUPDATE schema_info SET version = 6[0m
  [4;36;1mSQL (0.000412)[0m   [0;1mSELECT version FROM schema_info[0m
Migrating to AddUrlColumnToIdeas (7)
  [4;35;1mSQL (0.002757)[0m   [0mALTER TABLE ideas ADD "url" varchar(255)[0m
  [4;36;1mSQL (0.009930)[0m   [0;1mVACUUM[0m
  [4;35;1mSQL (0.001649)[0m   [0m SELECT name
 FROM sqlite_master
 WHERE type = 'table' AND NOT name = 'sqlite_sequence'
[0m
  [4;36;1mSQL (0.001138)[0m   [0;1m SELECT name
 FROM sqlite_master
 WHERE type = 'table' AND NOT name = 'sqlite_sequence'
[0m
  [4;36;1mSQL (0.000514)[0m   [0;1mselect sqlite_version(*)[0m
  [4;35;1mSQL (0.021128)[0m   [0mCREATE TABLE schema_info (version integer)[0m
  [4;36;1mSQL (0.002293)[0m   [0;1mINSERT INTO schema_info (version) VALUES(0)[0m
  [4;35;1mSQL (0.000000)[0m   [0mSQLite3::SQLException: table schema_info already exists: CREATE TABLE schema_info (version integer)[0m
  [4;36;1mSQL (0.000462)[0m   [0;1mSELECT version FROM schema_info[0m
Migrating to CreateIdeas (1)
  [4;35;1mSQL (0.020430)[0m   [0mCREATE TABLE ideas ("id" INTEGER PRIMARY KEY AUTOINCREMENT NOT NULL, "title" varchar(255) DEFAULT NULL, "body" text DEFAULT NULL, "votes" integer DEFAULT 1, "category_id" integer DEFAULT NULL, "author" varchar(255) DEFAULT NULL, "in_action" boolean DEFAULT 'f', "created_at" datetime DEFAULT NULL, "updated_at" datetime DEFAULT NULL) [0m
  [4;36;1mSQL (0.001913)[0m   [0;1mUPDATE schema_info SET version = 1[0m
  [4;35;1mSQL (0.000422)[0m   [0mSELECT version FROM schema_info[0m
Migrating to CreateUsers (2)
  [4;36;1mSQL (0.003043)[0m   [0;1mCREATE TABLE users ("id" INTEGER PRIMARY KEY AUTOINCREMENT NOT NULL, "name" varchar(255) DEFAULT NULL, "created_at" datetime DEFAULT NULL, "updated_at" datetime DEFAULT NULL) [0m
  [4;35;1mSQL (0.021629)[0m   [0mUPDATE schema_info SET version = 2[0m
  [4;36;1mSQL (0.000410)[0m   [0;1mSELECT version FROM schema_info[0m
Migrating to CreateComments (3)
  [4;35;1mSQL (0.002671)[0m   [0mCREATE TABLE comments ("id" INTEGER PRIMARY KEY AUTOINCREMENT NOT NULL, "body" text DEFAULT NULL, "user_id" integer DEFAULT NULL, "idea_id" integer DEFAULT NULL, "created_at" datetime DEFAULT NULL, "updated_at" datetime DEFAULT NULL) [0m
  [4;36;1mSQL (0.001962)[0m   [0;1mUPDATE schema_info SET version = 3[0m
  [4;35;1mSQL (0.000403)[0m   [0mSELECT version FROM schema_info[0m
Migrating to AddUserIdToUsers (4)
  [4;36;1mSQL (0.002294)[0m   [0;1mALTER TABLE ideas ADD "user_id" integer[0m
  [4;35;1mSQL (0.005158)[0m   [0mVACUUM[0m
  [4;36;1mSQL (0.002854)[0m   [0;1mUPDATE schema_info SET version = 4[0m
  [4;35;1mSQL (0.000409)[0m   [0mSELECT version FROM schema_info[0m
Migrating to CreateVotes (5)
  [4;36;1mSQL (0.003062)[0m   [0;1mCREATE TABLE votes ("id" INTEGER PRIMARY KEY AUTOINCREMENT NOT NULL, "user_id" integer DEFAULT NULL, "idea_id" integer DEFAULT NULL, "created_at" datetime DEFAULT NULL, "updated_at" datetime DEFAULT NULL) [0m
  [4;35;1mSQL (0.001957)[0m   [0mUPDATE schema_info SET version = 5[0m
  [4;36;1mSQL (0.000405)[0m   [0;1mSELECT version FROM schema_info[0m
Migrating to ActsAsTaggableMigration (6)
  [4;35;1mSQL (0.002665)[0m   [0mCREATE TABLE tags ("id" INTEGER PRIMARY KEY AUTOINCREMENT NOT NULL, "name" varchar(255) DEFAULT NULL) [0m
  [4;36;1mSQL (0.002924)[0m   [0;1mCREATE TABLE taggings ("id" INTEGER PRIMARY KEY AUTOINCREMENT NOT NULL, "tag_id" integer DEFAULT NULL, "taggable_id" integer DEFAULT NULL, "taggable_type" varchar(255) DEFAULT NULL, "created_at" datetime DEFAULT NULL) [0m
  [4;35;1mSQL (0.006415)[0m   [0mCREATE INDEX "index_taggings_on_tag_id" ON taggings ("tag_id")[0m
  [4;36;1mSQL (0.002747)[0m   [0;1mCREATE INDEX "index_taggings_on_taggable_id_and_taggable_type" ON taggings ("taggable_id", "taggable_type")[0m
  [4;35;1mSQL (0.001945)[0m   [0mUPDATE schema_info SET version = 6[0m
  [4;36;1mSQL (0.000406)[0m   [0;1mSELECT version FROM schema_info[0m
Migrating to AddUrlColumnToIdeas (7)
  [4;35;1mSQL (0.002743)[0m   [0mALTER TABLE ideas ADD "url" varchar(255)[0m
  [4;36;1mSQL (0.010004)[0m   [0;1mVACUUM[0m
  [4;35;1mIdea Load (0.000803)[0m   [0mSELECT * FROM ideas [0m
  [4;36;1mSQL (0.002100)[0m   [0;1mUPDATE schema_info SET version = 7[0m
  [4;35;1mSQL (0.000448)[0m   [0mSELECT * FROM schema_info[0m
  [4;36;1mSQL (0.001037)[0m   [0;1m SELECT name
 FROM sqlite_master
 WHERE type = 'table' AND NOT name = 'sqlite_sequence'
[0m
  [4;35;1mSQL (0.000170)[0m   [0mPRAGMA index_list(comments)[0m
  [4;36;1mSQL (0.000149)[0m   [0;1mPRAGMA index_list(ideas)[0m
  [4;35;1mSQL (0.000553)[0m   [0mPRAGMA index_list(taggings)[0m
  [4;36;1mSQL (0.000530)[0m   [0;1mPRAGMA index_info('index_taggings_on_taggable_id_and_taggable_type')[0m
  [4;35;1mSQL (0.000360)[0m   [0mPRAGMA index_info('index_taggings_on_tag_id')[0m
  [4;36;1mSQL (0.000126)[0m   [0;1mPRAGMA index_list(tags)[0m
  [4;35;1mSQL (0.000137)[0m   [0mPRAGMA index_list(users)[0m
  [4;36;1mSQL (0.000137)[0m   [0;1mPRAGMA index_list(votes)[0m


Processing HomeController#index (for 172.16.19.100 at 2008-09-24 13:50:42) [GET]
  Session ID: BAh7BiIKZmxhc2hJQzonQWN0aW9uQ29udHJvbGxlcjo6Rmxhc2g6OkZsYXNo
SGFzaHsABjoKQHVzZWR7AA==--4405ae6b4ce147f91c837013f3df0ba061ac62a0
  Parameters: {"action"=>"index", "controller"=>"home"}


CGI::Session::CookieStore::TamperedWithCookie (CGI::Session::CookieStore::TamperedWithCookie):
    /usr/lib/ruby/gems/1.8/gems/actionpack-2.0.2/lib/action_controller/session/cookie_store.rb:143:in `unmarshal'
    /usr/lib/ruby/gems/1.8/gems/actionpack-2.0.2/lib/action_controller/session/cookie_store.rb:102:in `restore'
    /usr/lib/ruby/1.8/cgi/session.rb:304:in `[]'
    /usr/lib/ruby/gems/1.8/gems/actionpack-2.0.2/lib/action_controller/cgi_process.rb:134:in `session'
    /usr/lib/ruby/gems/1.8/gems/actionpack-2.0.2/lib/action_controller/cgi_process.rb:166:in `stale_session_check!'
    /usr/lib/ruby/gems/1.8/gems/actionpack-2.0.2/lib/action_controller/cgi_process.rb:114:in `session'
    /usr/lib/ruby/gems/1.8/gems/actionpack-2.0.2/lib/action_controller/base.rb:1131:in `assign_shortcuts_without_flash'
    /usr/lib/ruby/gems/1.8/gems/actionpack-2.0.2/lib/action_controller/flash.rb:167:in `assign_shortcuts'
    /usr/lib/ruby/gems/1.8/gems/actionpack-2.0.2/lib/action_controller/base.rb:518:in `process_without_filters'
    /usr/lib/ruby/gems/1.8/gems/actionpack-2.0.2/lib/action_controller/filters.rb:685:in `process_without_session_management_support'
    /usr/lib/ruby/gems/1.8/gems/actionpack-2.0.2/lib/action_controller/session_management.rb:123:in `process'
    /usr/lib/ruby/gems/1.8/gems/actionpack-2.0.2/lib/action_controller/base.rb:388:in `process'
    /usr/lib/ruby/gems/1.8/gems/actionpack-2.0.2/lib/action_controller/dispatcher.rb:171:in `handle_request'
    /usr/lib/ruby/gems/1.8/gems/actionpack-2.0.2/lib/action_controller/dispatcher.rb:115:in `dispatch'
    /usr/lib/ruby/gems/1.8/gems/actionpack-2.0.2/lib/action_controller/dispatcher.rb:126:in `dispatch_cgi'
    /usr/lib/ruby/gems/1.8/gems/actionpack-2.0.2/lib/action_controller/dispatcher.rb:9:in `dispatch'
    /usr/lib/ruby/gems/1.8/gems/mongrel-1.1.4/bin/../lib/mongrel/rails.rb:76:in `process'
    /usr/lib/ruby/gems/1.8/gems/mongrel-1.1.4/bin/../lib/mongrel/rails.rb:74:in `synchronize'
    /usr/lib/ruby/gems/1.8/gems/mongrel-1.1.4/bin/../lib/mongrel/rails.rb:74:in `process'
    /usr/lib/ruby/gems/1.8/gems/mongrel-1.1.4/lib/mongrel.rb:159:in `process_client'
    /usr/lib/ruby/gems/1.8/gems/mongrel-1.1.4/lib/mongrel.rb:158:in `each'
    /usr/lib/ruby/gems/1.8/gems/mongrel-1.1.4/lib/mongrel.rb:158:in `process_client'
    /usr/lib/ruby/gems/1.8/gems/mongrel-1.1.4/lib/mongrel.rb:285:in `run'
    /usr/lib/ruby/gems/1.8/gems/mongrel-1.1.4/lib/mongrel.rb:285:in `initialize'
    /usr/lib/ruby/gems/1.8/gems/mongrel-1.1.4/lib/mongrel.rb:285:in `new'
    /usr/lib/ruby/gems/1.8/gems/mongrel-1.1.4/lib/mongrel.rb:285:in `run'
    /usr/lib/ruby/gems/1.8/gems/mongrel-1.1.4/lib/mongrel.rb:268:in `initialize'
    /usr/lib/ruby/gems/1.8/gems/mongrel-1.1.4/lib/mongrel.rb:268:in `new'
    /usr/lib/ruby/gems/1.8/gems/mongrel-1.1.4/lib/mongrel.rb:268:in `run'
    /usr/lib/ruby/gems/1.8/gems/mongrel-1.1.4/lib/mongrel/configurator.rb:282:in `run'
    /usr/lib/ruby/gems/1.8/gems/mongrel-1.1.4/lib/mongrel/configurator.rb:281:in `each'
    /usr/lib/ruby/gems/1.8/gems/mongrel-1.1.4/lib/mongrel/configurator.rb:281:in `run'
    /usr/lib/ruby/gems/1.8/gems/mongrel-1.1.4/bin/mongrel_rails:128:in `run'
    /usr/lib/ruby/gems/1.8/gems/mongrel-1.1.4/lib/mongrel/command.rb:212:in `run'
    /usr/lib/ruby/gems/1.8/gems/mongrel-1.1.4/bin/mongrel_rails:281
    /usr/lib/ruby/gems/1.8/gems/activesupport-2.0.2/lib/active_support/dependencies.rb:489:in `load'
    /usr/lib/ruby/gems/1.8/gems/activesupport-2.0.2/lib/active_support/dependencies.rb:489:in `load'
    /usr/lib/ruby/gems/1.8/gems/activesupport-2.0.2/lib/active_support/dependencies.rb:342:in `new_constants_in'
    /usr/lib/ruby/gems/1.8/gems/activesupport-2.0.2/lib/active_support/dependencies.rb:489:in `load'
    /usr/lib/ruby/gems/1.8/gems/rails-2.0.2/lib/commands/servers/mongrel.rb:64
    /usr/local/lib/site_ruby/1.8/rubygems/custom_require.rb:27:in `gem_original_require'
    /usr/local/lib/site_ruby/1.8/rubygems/custom_require.rb:27:in `require'
    /usr/lib/ruby/gems/1.8/gems/activesupport-2.0.2/lib/active_support/dependencies.rb:496:in `require'
    /usr/lib/ruby/gems/1.8/gems/activesupport-2.0.2/lib/active_support/dependencies.rb:342:in `new_constants_in'
    /usr/lib/ruby/gems/1.8/gems/activesupport-2.0.2/lib/active_support/dependencies.rb:496:in `require'
    /usr/lib/ruby/gems/1.8/gems/rails-2.0.2/lib/commands/server.rb:39
    /usr/local/lib/site_ruby/1.8/rubygems/custom_require.rb:27:in `gem_original_require'
    /usr/local/lib/site_ruby/1.8/rubygems/custom_require.rb:27:in `require'
    script/server:3

Rendering /usr/lib/ruby/gems/1.8/gems/actionpack-2.0.2/lib/action_controller/templates/rescues/layout.erb (internal_server_error)


Processing HomeController#index (for 172.16.19.100 at 2008-09-24 13:50:46) [GET]
  Session ID: BAh7BiIKZmxhc2hJQzonQWN0aW9uQ29udHJvbGxlcjo6Rmxhc2g6OkZsYXNo%0ASGFzaHsABjoKQHVzZWR7AA%3D%3D--ae5e716d7a1e2e98ab92d0282729f6faab8b12c6
  Parameters: {"action"=>"index", "controller"=>"home"}
  [4;36;1mIdea Load (0.001043)[0m   [0;1mSELECT * FROM ideas ORDER BY created_at desc LIMIT 8[0m
  [4;35;1mIdea Load (0.000240)[0m   [0mSELECT * FROM ideas ORDER BY votes desc LIMIT 5[0m
  [4;36;1mSQL (0.000460)[0m   [0;1mSELECT count(*) AS count_all FROM ideas [0m
  [4;35;1mTag Load (0.000377)[0m   [0mSELECT tags.id, tags.name, COUNT(*) AS count FROM tags INNER JOIN taggings ON tags.id = taggings.tag_id INNER JOIN ideas ON ideas.id = taggings.taggable_id WHERE (taggings.taggable_type = 'Idea') GROUP BY tags.id, tags.name HAVING COUNT(*) > 0[0m
Rendering template within layouts/application
Rendering home/index
Rendered ideas/_form (0.01779)
Completed in 0.06321 (15 reqs/sec) | Rendering: 0.02892 (45%) | DB: 0.00212 (3%) | 200 OK [http://ui/]


Processing IdeasController#count (for 172.16.19.100 at 2008-09-24 13:50:46) [GET]
  Session ID: BAh7BiIKZmxhc2hJQzonQWN0aW9uQ29udHJvbGxlcjo6Rmxhc2g6OkZsYXNo%0ASGFzaHsABjoKQHVzZWR7AA%3D%3D--ae5e716d7a1e2e98ab92d0282729f6faab8b12c6
  Parameters: {"action"=>"count", "controller"=>"ideas"}
  [4;36;1mSQL (0.000423)[0m   [0;1mSELECT count(*) AS count_all FROM ideas [0m
Completed in 0.01872 (53 reqs/sec) | Rendering: 0.00010 (0%) | DB: 0.00042 (2%) | 200 OK [http://ui/ideas/count]


Processing HomeController#index (for 172.16.19.100 at 2008-09-24 15:52:59) [GET]
  Session ID: BAh7BiIKZmxhc2hJQzonQWN0aW9uQ29udHJvbGxlcjo6Rmxhc2g6OkZsYXNo%0ASGFzaHsABjoKQHVzZWR7AA%3D%3D--ae5e716d7a1e2e98ab92d0282729f6faab8b12c6
  Parameters: {"action"=>"index", "controller"=>"home"}
  [4;36;1mIdea Load (0.000000)[0m   [0;1mSQLite3::BusyException: database is locked: SELECT * FROM ideas ORDER BY created_at desc LIMIT 8[0m


ActiveRecord::StatementInvalid (SQLite3::BusyException: database is locked: SELECT * FROM ideas    ORDER BY created_at desc LIMIT 8):
    /usr/lib/ruby/gems/1.8/gems/activerecord-2.0.2/lib/active_record/connection_adapters/abstract_adapter.rb:150:in `log'
    /usr/lib/ruby/gems/1.8/gems/activerecord-2.0.2/lib/active_record/connection_adapters/sqlite_adapter.rb:132:in `execute'
    /usr/lib/ruby/gems/1.8/gems/activerecord-2.0.2/lib/active_record/connection_adapters/sqlite_adapter.rb:345:in `catch_schema_changes'
    /usr/lib/ruby/gems/1.8/gems/activerecord-2.0.2/lib/active_record/connection_adapters/sqlite_adapter.rb:132:in `execute'
    /usr/lib/ruby/gems/1.8/gems/activerecord-2.0.2/lib/active_record/connection_adapters/sqlite_adapter.rb:256:in `select'
    /usr/lib/ruby/gems/1.8/gems/activerecord-2.0.2/lib/active_record/connection_adapters/abstract/database_statements.rb:7:in `select_all_without_query_cache'
    /usr/lib/ruby/gems/1.8/gems/activerecord-2.0.2/lib/active_record/connection_adapters/abstract/query_cache.rb:53:in `select_all'
    /usr/lib/ruby/gems/1.8/gems/activerecord-2.0.2/lib/active_record/connection_adapters/abstract/query_cache.rb:74:in `cache_sql'
    /usr/lib/ruby/gems/1.8/gems/activerecord-2.0.2/lib/active_record/connection_adapters/abstract/query_cache.rb:53:in `select_all'
    /usr/lib/ruby/gems/1.8/gems/activerecord-2.0.2/lib/active_record/base.rb:532:in `find_by_sql'
    /usr/lib/ruby/gems/1.8/gems/activerecord-2.0.2/lib/active_record/base.rb:1233:in `find_every'
    /usr/lib/ruby/gems/1.8/gems/activerecord-2.0.2/lib/active_record/base.rb:503:in `find'
    /app/models/idea.rb:10:in `find_recent'
    /app/controllers/home_controller.rb:4:in `index'
    /usr/lib/ruby/gems/1.8/gems/actionpack-2.0.2/lib/action_controller/base.rb:1158:in `send'
    /usr/lib/ruby/gems/1.8/gems/actionpack-2.0.2/lib/action_controller/base.rb:1158:in `perform_action_without_filters'
    /usr/lib/ruby/gems/1.8/gems/actionpack-2.0.2/lib/action_controller/filters.rb:697:in `call_filters'
    /usr/lib/ruby/gems/1.8/gems/actionpack-2.0.2/lib/action_controller/filters.rb:689:in `perform_action_without_benchmark'
    /usr/lib/ruby/gems/1.8/gems/actionpack-2.0.2/lib/action_controller/benchmarking.rb:68:in `perform_action_without_rescue'
    /usr/lib/ruby/1.8/benchmark.rb:293:in `measure'
    /usr/lib/ruby/gems/1.8/gems/actionpack-2.0.2/lib/action_controller/benchmarking.rb:68:in `perform_action_without_rescue'
    /usr/lib/ruby/gems/1.8/gems/actionpack-2.0.2/lib/action_controller/rescue.rb:199:in `perform_action_without_caching'
    /usr/lib/ruby/gems/1.8/gems/actionpack-2.0.2/lib/action_controller/caching.rb:678:in `perform_action'
    /usr/lib/ruby/gems/1.8/gems/activerecord-2.0.2/lib/active_record/connection_adapters/abstract/query_cache.rb:33:in `cache'
    /usr/lib/ruby/gems/1.8/gems/activerecord-2.0.2/lib/active_record/query_cache.rb:8:in `cache'
    /usr/lib/ruby/gems/1.8/gems/actionpack-2.0.2/lib/action_controller/caching.rb:677:in `perform_action'
    /usr/lib/ruby/gems/1.8/gems/actionpack-2.0.2/lib/action_controller/base.rb:524:in `send'
    /usr/lib/ruby/gems/1.8/gems/actionpack-2.0.2/lib/action_controller/base.rb:524:in `process_without_filters'
    /usr/lib/ruby/gems/1.8/gems/actionpack-2.0.2/lib/action_controller/filters.rb:685:in `process_without_session_management_support'
    /usr/lib/ruby/gems/1.8/gems/actionpack-2.0.2/lib/action_controller/session_management.rb:123:in `process'
    /usr/lib/ruby/gems/1.8/gems/actionpack-2.0.2/lib/action_controller/base.rb:388:in `process'
    /usr/lib/ruby/gems/1.8/gems/actionpack-2.0.2/lib/action_controller/dispatcher.rb:171:in `handle_request'
    /usr/lib/ruby/gems/1.8/gems/actionpack-2.0.2/lib/action_controller/dispatcher.rb:115:in `dispatch'
    /usr/lib/ruby/gems/1.8/gems/actionpack-2.0.2/lib/action_controller/dispatcher.rb:126:in `dispatch_cgi'
    /usr/lib/ruby/gems/1.8/gems/actionpack-2.0.2/lib/action_controller/dispatcher.rb:9:in `dispatch'
    /usr/lib/ruby/gems/1.8/gems/mongrel-1.1.4/bin/../lib/mongrel/rails.rb:76:in `process'
    /usr/lib/ruby/gems/1.8/gems/mongrel-1.1.4/bin/../lib/mongrel/rails.rb:74:in `synchronize'
    /usr/lib/ruby/gems/1.8/gems/mongrel-1.1.4/bin/../lib/mongrel/rails.rb:74:in `process'
    /usr/lib/ruby/gems/1.8/gems/mongrel-1.1.4/lib/mongrel.rb:159:in `process_client'
    /usr/lib/ruby/gems/1.8/gems/mongrel-1.1.4/lib/mongrel.rb:158:in `each'
    /usr/lib/ruby/gems/1.8/gems/mongrel-1.1.4/lib/mongrel.rb:158:in `process_client'
    /usr/lib/ruby/gems/1.8/gems/mongrel-1.1.4/lib/mongrel.rb:285:in `run'
    /usr/lib/ruby/gems/1.8/gems/mongrel-1.1.4/lib/mongrel.rb:285:in `initialize'
    /usr/lib/ruby/gems/1.8/gems/mongrel-1.1.4/lib/mongrel.rb:285:in `new'
    /usr/lib/ruby/gems/1.8/gems/mongrel-1.1.4/lib/mongrel.rb:285:in `run'
    /usr/lib/ruby/gems/1.8/gems/mongrel-1.1.4/lib/mongrel.rb:268:in `initialize'
    /usr/lib/ruby/gems/1.8/gems/mongrel-1.1.4/lib/mongrel.rb:268:in `new'
    /usr/lib/ruby/gems/1.8/gems/mongrel-1.1.4/lib/mongrel.rb:268:in `run'
    /usr/lib/ruby/gems/1.8/gems/mongrel-1.1.4/lib/mongrel/configurator.rb:282:in `run'
    /usr/lib/ruby/gems/1.8/gems/mongrel-1.1.4/lib/mongrel/configurator.rb:281:in `each'
    /usr/lib/ruby/gems/1.8/gems/mongrel-1.1.4/lib/mongrel/configurator.rb:281:in `run'
    /usr/lib/ruby/gems/1.8/gems/mongrel-1.1.4/bin/mongrel_rails:128:in `run'
    /usr/lib/ruby/gems/1.8/gems/mongrel-1.1.4/lib/mongrel/command.rb:212:in `run'
    /usr/lib/ruby/gems/1.8/gems/mongrel-1.1.4/bin/mongrel_rails:281
    /usr/lib/ruby/gems/1.8/gems/activesupport-2.0.2/lib/active_support/dependencies.rb:489:in `load'
    /usr/lib/ruby/gems/1.8/gems/activesupport-2.0.2/lib/active_support/dependencies.rb:489:in `load'
    /usr/lib/ruby/gems/1.8/gems/activesupport-2.0.2/lib/active_support/dependencies.rb:342:in `new_constants_in'
    /usr/lib/ruby/gems/1.8/gems/activesupport-2.0.2/lib/active_support/dependencies.rb:489:in `load'
    /usr/lib/ruby/gems/1.8/gems/rails-2.0.2/lib/commands/servers/mongrel.rb:64
    /usr/local/lib/site_ruby/1.8/rubygems/custom_require.rb:27:in `gem_original_require'
    /usr/local/lib/site_ruby/1.8/rubygems/custom_require.rb:27:in `require'
    /usr/lib/ruby/gems/1.8/gems/activesupport-2.0.2/lib/active_support/dependencies.rb:496:in `require'
    /usr/lib/ruby/gems/1.8/gems/activesupport-2.0.2/lib/active_support/dependencies.rb:342:in `new_constants_in'
    /usr/lib/ruby/gems/1.8/gems/activesupport-2.0.2/lib/active_support/dependencies.rb:496:in `require'
    /usr/lib/ruby/gems/1.8/gems/rails-2.0.2/lib/commands/server.rb:39
    /usr/local/lib/site_ruby/1.8/rubygems/custom_require.rb:27:in `gem_original_require'
    /usr/local/lib/site_ruby/1.8/rubygems/custom_require.rb:27:in `require'
    script/server:3

Rendering /usr/lib/ruby/gems/1.8/gems/actionpack-2.0.2/lib/action_controller/templates/rescues/layout.erb (internal_server_error)


Processing HomeController#index (for 172.16.19.100 at 2008-09-24 15:53:07) [GET]
  Session ID: BAh7BiIKZmxhc2hJQzonQWN0aW9uQ29udHJvbGxlcjo6Rmxhc2g6OkZsYXNo%0ASGFzaHsABjoKQHVzZWR7AA%3D%3D--ae5e716d7a1e2e98ab92d0282729f6faab8b12c6
  Parameters: {"action"=>"index", "controller"=>"home"}
  [4;35;1mIdea Load (0.000000)[0m   [0mSQLite3::BusyException: database is locked: SELECT * FROM ideas ORDER BY created_at desc LIMIT 8[0m


ActiveRecord::StatementInvalid (SQLite3::BusyException: database is locked: SELECT * FROM ideas    ORDER BY created_at desc LIMIT 8):
    /usr/lib/ruby/gems/1.8/gems/activerecord-2.0.2/lib/active_record/connection_adapters/abstract_adapter.rb:150:in `log'
    /usr/lib/ruby/gems/1.8/gems/activerecord-2.0.2/lib/active_record/connection_adapters/sqlite_adapter.rb:132:in `execute'
    /usr/lib/ruby/gems/1.8/gems/activerecord-2.0.2/lib/active_record/connection_adapters/sqlite_adapter.rb:345:in `catch_schema_changes'
    /usr/lib/ruby/gems/1.8/gems/activerecord-2.0.2/lib/active_record/connection_adapters/sqlite_adapter.rb:132:in `execute'
    /usr/lib/ruby/gems/1.8/gems/activerecord-2.0.2/lib/active_record/connection_adapters/sqlite_adapter.rb:256:in `select'
    /usr/lib/ruby/gems/1.8/gems/activerecord-2.0.2/lib/active_record/connection_adapters/abstract/database_statements.rb:7:in `select_all_without_query_cache'
    /usr/lib/ruby/gems/1.8/gems/activerecord-2.0.2/lib/active_record/connection_adapters/abstract/query_cache.rb:53:in `select_all'
    /usr/lib/ruby/gems/1.8/gems/activerecord-2.0.2/lib/active_record/connection_adapters/abstract/query_cache.rb:74:in `cache_sql'
    /usr/lib/ruby/gems/1.8/gems/activerecord-2.0.2/lib/active_record/connection_adapters/abstract/query_cache.rb:53:in `select_all'
    /usr/lib/ruby/gems/1.8/gems/activerecord-2.0.2/lib/active_record/base.rb:532:in `find_by_sql'
    /usr/lib/ruby/gems/1.8/gems/activerecord-2.0.2/lib/active_record/base.rb:1233:in `find_every'
    /usr/lib/ruby/gems/1.8/gems/activerecord-2.0.2/lib/active_record/base.rb:503:in `find'
    /app/models/idea.rb:10:in `find_recent'
    /app/controllers/home_controller.rb:4:in `index'
    /usr/lib/ruby/gems/1.8/gems/actionpack-2.0.2/lib/action_controller/base.rb:1158:in `send'
    /usr/lib/ruby/gems/1.8/gems/actionpack-2.0.2/lib/action_controller/base.rb:1158:in `perform_action_without_filters'
    /usr/lib/ruby/gems/1.8/gems/actionpack-2.0.2/lib/action_controller/filters.rb:697:in `call_filters'
    /usr/lib/ruby/gems/1.8/gems/actionpack-2.0.2/lib/action_controller/filters.rb:689:in `perform_action_without_benchmark'
    /usr/lib/ruby/gems/1.8/gems/actionpack-2.0.2/lib/action_controller/benchmarking.rb:68:in `perform_action_without_rescue'
    /usr/lib/ruby/1.8/benchmark.rb:293:in `measure'
    /usr/lib/ruby/gems/1.8/gems/actionpack-2.0.2/lib/action_controller/benchmarking.rb:68:in `perform_action_without_rescue'
    /usr/lib/ruby/gems/1.8/gems/actionpack-2.0.2/lib/action_controller/rescue.rb:199:in `perform_action_without_caching'
    /usr/lib/ruby/gems/1.8/gems/actionpack-2.0.2/lib/action_controller/caching.rb:678:in `perform_action'
    /usr/lib/ruby/gems/1.8/gems/activerecord-2.0.2/lib/active_record/connection_adapters/abstract/query_cache.rb:33:in `cache'
    /usr/lib/ruby/gems/1.8/gems/activerecord-2.0.2/lib/active_record/query_cache.rb:8:in `cache'
    /usr/lib/ruby/gems/1.8/gems/actionpack-2.0.2/lib/action_controller/caching.rb:677:in `perform_action'
    /usr/lib/ruby/gems/1.8/gems/actionpack-2.0.2/lib/action_controller/base.rb:524:in `send'
    /usr/lib/ruby/gems/1.8/gems/actionpack-2.0.2/lib/action_controller/base.rb:524:in `process_without_filters'
    /usr/lib/ruby/gems/1.8/gems/actionpack-2.0.2/lib/action_controller/filters.rb:685:in `process_without_session_management_support'
    /usr/lib/ruby/gems/1.8/gems/actionpack-2.0.2/lib/action_controller/session_management.rb:123:in `process'
    /usr/lib/ruby/gems/1.8/gems/actionpack-2.0.2/lib/action_controller/base.rb:388:in `process'
    /usr/lib/ruby/gems/1.8/gems/actionpack-2.0.2/lib/action_controller/dispatcher.rb:171:in `handle_request'
    /usr/lib/ruby/gems/1.8/gems/actionpack-2.0.2/lib/action_controller/dispatcher.rb:115:in `dispatch'
    /usr/lib/ruby/gems/1.8/gems/actionpack-2.0.2/lib/action_controller/dispatcher.rb:126:in `dispatch_cgi'
    /usr/lib/ruby/gems/1.8/gems/actionpack-2.0.2/lib/action_controller/dispatcher.rb:9:in `dispatch'
    /usr/lib/ruby/gems/1.8/gems/mongrel-1.1.4/bin/../lib/mongrel/rails.rb:76:in `process'
    /usr/lib/ruby/gems/1.8/gems/mongrel-1.1.4/bin/../lib/mongrel/rails.rb:74:in `synchronize'
    /usr/lib/ruby/gems/1.8/gems/mongrel-1.1.4/bin/../lib/mongrel/rails.rb:74:in `process'
    /usr/lib/ruby/gems/1.8/gems/mongrel-1.1.4/lib/mongrel.rb:159:in `process_client'
    /usr/lib/ruby/gems/1.8/gems/mongrel-1.1.4/lib/mongrel.rb:158:in `each'
    /usr/lib/ruby/gems/1.8/gems/mongrel-1.1.4/lib/mongrel.rb:158:in `process_client'
    /usr/lib/ruby/gems/1.8/gems/mongrel-1.1.4/lib/mongrel.rb:285:in `run'
    /usr/lib/ruby/gems/1.8/gems/mongrel-1.1.4/lib/mongrel.rb:285:in `initialize'
    /usr/lib/ruby/gems/1.8/gems/mongrel-1.1.4/lib/mongrel.rb:285:in `new'
    /usr/lib/ruby/gems/1.8/gems/mongrel-1.1.4/lib/mongrel.rb:285:in `run'
    /usr/lib/ruby/gems/1.8/gems/mongrel-1.1.4/lib/mongrel.rb:268:in `initialize'
    /usr/lib/ruby/gems/1.8/gems/mongrel-1.1.4/lib/mongrel.rb:268:in `new'
    /usr/lib/ruby/gems/1.8/gems/mongrel-1.1.4/lib/mongrel.rb:268:in `run'
    /usr/lib/ruby/gems/1.8/gems/mongrel-1.1.4/lib/mongrel/configurator.rb:282:in `run'
    /usr/lib/ruby/gems/1.8/gems/mongrel-1.1.4/lib/mongrel/configurator.rb:281:in `each'
    /usr/lib/ruby/gems/1.8/gems/mongrel-1.1.4/lib/mongrel/configurator.rb:281:in `run'
    /usr/lib/ruby/gems/1.8/gems/mongrel-1.1.4/bin/mongrel_rails:128:in `run'
    /usr/lib/ruby/gems/1.8/gems/mongrel-1.1.4/lib/mongrel/command.rb:212:in `run'
    /usr/lib/ruby/gems/1.8/gems/mongrel-1.1.4/bin/mongrel_rails:281
    /usr/lib/ruby/gems/1.8/gems/activesupport-2.0.2/lib/active_support/dependencies.rb:489:in `load'
    /usr/lib/ruby/gems/1.8/gems/activesupport-2.0.2/lib/active_support/dependencies.rb:489:in `load'
    /usr/lib/ruby/gems/1.8/gems/activesupport-2.0.2/lib/active_support/dependencies.rb:342:in `new_constants_in'
    /usr/lib/ruby/gems/1.8/gems/activesupport-2.0.2/lib/active_support/dependencies.rb:489:in `load'
    /usr/lib/ruby/gems/1.8/gems/rails-2.0.2/lib/commands/servers/mongrel.rb:64
    /usr/local/lib/site_ruby/1.8/rubygems/custom_require.rb:27:in `gem_original_require'
    /usr/local/lib/site_ruby/1.8/rubygems/custom_require.rb:27:in `require'
    /usr/lib/ruby/gems/1.8/gems/activesupport-2.0.2/lib/active_support/dependencies.rb:496:in `require'
    /usr/lib/ruby/gems/1.8/gems/activesupport-2.0.2/lib/active_support/dependencies.rb:342:in `new_constants_in'
    /usr/lib/ruby/gems/1.8/gems/activesupport-2.0.2/lib/active_support/dependencies.rb:496:in `require'
    /usr/lib/ruby/gems/1.8/gems/rails-2.0.2/lib/commands/server.rb:39
    /usr/local/lib/site_ruby/1.8/rubygems/custom_require.rb:27:in `gem_original_require'
    /usr/local/lib/site_ruby/1.8/rubygems/custom_require.rb:27:in `require'
    script/server:3

Rendering /usr/lib/ruby/gems/1.8/gems/actionpack-2.0.2/lib/action_controller/templates/rescues/layout.erb (internal_server_error)


Processing HomeController#index (for 172.16.19.100 at 2008-09-24 15:53:41) [GET]
  Session ID: BAh7BiIKZmxhc2hJQzonQWN0aW9uQ29udHJvbGxlcjo6Rmxhc2g6OkZsYXNo%0ASGFzaHsABjoKQHVzZWR7AA%3D%3D--ae5e716d7a1e2e98ab92d0282729f6faab8b12c6
  Parameters: {"action"=>"index", "controller"=>"home"}
  [4;36;1mIdea Load (0.001235)[0m   [0;1mSELECT * FROM ideas ORDER BY created_at desc LIMIT 8[0m
  [4;35;1mIdea Load (0.000255)[0m   [0mSELECT * FROM ideas ORDER BY votes desc LIMIT 5[0m
  [4;36;1mSQL (0.000467)[0m   [0;1mSELECT count(*) AS count_all FROM ideas [0m
  [4;35;1mTag Load (0.000394)[0m   [0mSELECT tags.id, tags.name, COUNT(*) AS count FROM tags INNER JOIN taggings ON tags.id = taggings.tag_id INNER JOIN ideas ON ideas.id = taggings.taggable_id WHERE (taggings.taggable_type = 'Idea') GROUP BY tags.id, tags.name HAVING COUNT(*) > 0[0m
Rendering template within layouts/application
Rendering home/index
Rendered ideas/_form (0.01869)
Completed in 0.06705 (14 reqs/sec) | Rendering: 0.03023 (45%) | DB: 0.00235 (3%) | 200 OK [http://ui/]


Processing IdeasController#count (for 172.16.19.100 at 2008-09-24 15:53:41) [GET]
  Session ID: BAh7BiIKZmxhc2hJQzonQWN0aW9uQ29udHJvbGxlcjo6Rmxhc2g6OkZsYXNo%0ASGFzaHsABjoKQHVzZWR7AA%3D%3D--ae5e716d7a1e2e98ab92d0282729f6faab8b12c6
  Parameters: {"action"=>"count", "controller"=>"ideas"}
  [4;36;1mSQL (0.000426)[0m   [0;1mSELECT count(*) AS count_all FROM ideas [0m
Completed in 0.01663 (60 reqs/sec) | Rendering: 0.00014 (0%) | DB: 0.00043 (2%) | 200 OK [http://ui/ideas/count]


Processing IdeasController#index (for 172.16.19.100 at 2008-09-24 15:53:45) [GET]
  Session ID: BAh7BiIKZmxhc2hJQzonQWN0aW9uQ29udHJvbGxlcjo6Rmxhc2g6OkZsYXNo%0ASGFzaHsABjoKQHVzZWR7AA%3D%3D--ae5e716d7a1e2e98ab92d0282729f6faab8b12c6
  Parameters: {"action"=>"index", "controller"=>"ideas"}
  [4;35;1mIdea Load (0.000869)[0m   [0mSELECT * FROM ideas ORDER BY created_at desc[0m
Rendering template within layouts/application
Rendering ideas/index
Completed in 0.01691 (59 reqs/sec) | Rendering: 0.00404 (23%) | DB: 0.00087 (5%) | 200 OK [http://ui/ideas]


Processing IdeasController#index (for 172.16.19.100 at 2008-09-24 15:54:07) [GET]
  Session ID: BAh7BiIKZmxhc2hJQzonQWN0aW9uQ29udHJvbGxlcjo6Rmxhc2g6OkZsYXNo%0ASGFzaHsABjoKQHVzZWR7AA%3D%3D--ae5e716d7a1e2e98ab92d0282729f6faab8b12c6
  Parameters: {"action"=>"index", "controller"=>"ideas"}
  [4;36;1mIdea Load (0.001447)[0m   [0;1mSELECT * FROM ideas ORDER BY created_at desc[0m
Rendering template within layouts/application
Rendering ideas/index
  [4;35;1mUser Load (0.000271)[0m   [0mSELECT * FROM users WHERE (users."id" = 2) [0m
  [4;36;1mComment Load (0.000340)[0m   [0;1mSELECT * FROM comments WHERE (comments.idea_id = 5) ORDER BY created_at asc[0m
  [4;35;1mTag Load (0.000343)[0m   [0mSELECT tags.* FROM tags INNER JOIN taggings ON tags.id = taggings.tag_id WHERE ((taggings.taggable_type = 'Idea') AND (taggings.taggable_id = 5)) [0m
Rendered ideas/_idea (0.10399)
Completed in 0.12090 (8 reqs/sec) | Rendering: 0.10632 (87%) | DB: 0.00240 (1%) | 200 OK [http://ui/ideas]


Processing IdeasController#index (for 172.16.19.100 at 2008-09-24 15:54:47) [GET]
  Session ID: BAh7BiIKZmxhc2hJQzonQWN0aW9uQ29udHJvbGxlcjo6Rmxhc2g6OkZsYXNo%0ASGFzaHsABjoKQHVzZWR7AA%3D%3D--ae5e716d7a1e2e98ab92d0282729f6faab8b12c6
  Parameters: {"action"=>"index", "controller"=>"ideas"}
  [4;36;1mIdea Load (0.001501)[0m   [0;1mSELECT * FROM ideas ORDER BY created_at desc[0m
Rendering template within layouts/application
Rendering ideas/index
  [4;35;1mUser Load (0.000260)[0m   [0mSELECT * FROM users WHERE (users."id" = 2) [0m
  [4;36;1mComment Load (0.000328)[0m   [0;1mSELECT * FROM comments WHERE (comments.idea_id = 5) ORDER BY created_at asc[0m
  [4;35;1mTag Load (0.000314)[0m   [0mSELECT tags.* FROM tags INNER JOIN taggings ON tags.id = taggings.tag_id WHERE ((taggings.taggable_type = 'Idea') AND (taggings.taggable_id = 5)) [0m
Rendered ideas/_idea (0.02606)
Completed in 0.04334 (23 reqs/sec) | Rendering: 0.02841 (65%) | DB: 0.00240 (5%) | 200 OK [http://ui/ideas]


Processing IdeasController#index (for 172.16.19.100 at 2008-09-24 16:02:43) [GET]
  Session ID: BAh7BiIKZmxhc2hJQzonQWN0aW9uQ29udHJvbGxlcjo6Rmxhc2g6OkZsYXNo%0ASGFzaHsABjoKQHVzZWR7AA%3D%3D--ae5e716d7a1e2e98ab92d0282729f6faab8b12c6
  Parameters: {"action"=>"index", "controller"=>"ideas"}
WARNING: You're using the Ruby-based MySQL library that ships with Rails. This library is not suited for production. Please install the C-based MySQL library instead (gem install mysql).


Processing IdeasController#index (for 172.16.19.100 at 2008-09-24 16:04:57) [GET]
  Session ID: BAh7BiIKZmxhc2hJQzonQWN0aW9uQ29udHJvbGxlcjo6Rmxhc2g6OkZsYXNo%0ASGFzaHsABjoKQHVzZWR7AA%3D%3D--ae5e716d7a1e2e98ab92d0282729f6faab8b12c6
  Parameters: {"action"=>"index", "controller"=>"ideas"}


Mongrel::TimeoutError (Mongrel timed out this thread: shutdown):
    /usr/lib/ruby/gems/1.8/gems/mongrel-1.1.4/lib/mongrel.rb:221:in `new'
    /usr/lib/ruby/gems/1.8/gems/activerecord-2.0.2/lib/active_record/vendor/mysql.rb:111:in `real_connect'
    /usr/lib/ruby/gems/1.8/gems/activerecord-2.0.2/lib/active_record/connection_adapters/mysql_adapter.rb:471:in `connect'
    /usr/lib/ruby/gems/1.8/gems/activerecord-2.0.2/lib/active_record/connection_adapters/mysql_adapter.rb:165:in `initialize'
    /usr/lib/ruby/gems/1.8/gems/activerecord-2.0.2/lib/active_record/connection_adapters/mysql_adapter.rb:88:in `new'
    /usr/lib/ruby/gems/1.8/gems/activerecord-2.0.2/lib/active_record/connection_adapters/mysql_adapter.rb:88:in `mysql_connection'
    /usr/lib/ruby/gems/1.8/gems/activerecord-2.0.2/lib/active_record/connection_adapters/abstract/connection_specification.rb:291:in `send'
    /usr/lib/ruby/gems/1.8/gems/activerecord-2.0.2/lib/active_record/connection_adapters/abstract/connection_specification.rb:291:in `connection='
    /usr/lib/ruby/gems/1.8/gems/activerecord-2.0.2/lib/active_record/connection_adapters/abstract/connection_specification.rb:259:in `retrieve_connection'
    /usr/lib/ruby/gems/1.8/gems/activerecord-2.0.2/lib/active_record/connection_adapters/abstract/connection_specification.rb:78:in `connection'
    /usr/lib/ruby/gems/1.8/gems/activerecord-2.0.2/lib/active_record/query_cache.rb:8:in `cache'
    /usr/lib/ruby/gems/1.8/gems/actionpack-2.0.2/lib/action_controller/caching.rb:677:in `perform_action'
    /usr/lib/ruby/gems/1.8/gems/actionpack-2.0.2/lib/action_controller/base.rb:524:in `send'
    /usr/lib/ruby/gems/1.8/gems/actionpack-2.0.2/lib/action_controller/base.rb:524:in `process_without_filters'
    /usr/lib/ruby/gems/1.8/gems/actionpack-2.0.2/lib/action_controller/filters.rb:685:in `process_without_session_management_support'
    /usr/lib/ruby/gems/1.8/gems/actionpack-2.0.2/lib/action_controller/session_management.rb:123:in `process'
    /usr/lib/ruby/gems/1.8/gems/actionpack-2.0.2/lib/action_controller/base.rb:388:in `process'
    /usr/lib/ruby/gems/1.8/gems/actionpack-2.0.2/lib/action_controller/dispatcher.rb:171:in `handle_request'
    /usr/lib/ruby/gems/1.8/gems/actionpack-2.0.2/lib/action_controller/dispatcher.rb:115:in `dispatch'
    /usr/lib/ruby/gems/1.8/gems/actionpack-2.0.2/lib/action_controller/dispatcher.rb:126:in `dispatch_cgi'
    /usr/lib/ruby/gems/1.8/gems/actionpack-2.0.2/lib/action_controller/dispatcher.rb:9:in `dispatch'
    /usr/lib/ruby/gems/1.8/gems/mongrel-1.1.4/bin/../lib/mongrel/rails.rb:76:in `process'
    /usr/lib/ruby/gems/1.8/gems/mongrel-1.1.4/bin/../lib/mongrel/rails.rb:74:in `synchronize'
    /usr/lib/ruby/gems/1.8/gems/mongrel-1.1.4/bin/../lib/mongrel/rails.rb:74:in `process'
    /usr/lib/ruby/gems/1.8/gems/mongrel-1.1.4/lib/mongrel.rb:159:in `process_client'
    /usr/lib/ruby/gems/1.8/gems/mongrel-1.1.4/lib/mongrel.rb:158:in `each'
    /usr/lib/ruby/gems/1.8/gems/mongrel-1.1.4/lib/mongrel.rb:158:in `process_client'
    /usr/lib/ruby/gems/1.8/gems/mongrel-1.1.4/lib/mongrel.rb:285:in `run'
    /usr/lib/ruby/gems/1.8/gems/mongrel-1.1.4/lib/mongrel.rb:285:in `initialize'
    /usr/lib/ruby/gems/1.8/gems/mongrel-1.1.4/lib/mongrel.rb:285:in `new'
    /usr/lib/ruby/gems/1.8/gems/mongrel-1.1.4/lib/mongrel.rb:285:in `run'
    /usr/lib/ruby/gems/1.8/gems/mongrel-1.1.4/lib/mongrel.rb:268:in `initialize'
    /usr/lib/ruby/gems/1.8/gems/mongrel-1.1.4/lib/mongrel.rb:268:in `new'
    /usr/lib/ruby/gems/1.8/gems/mongrel-1.1.4/lib/mongrel.rb:268:in `run'
    /usr/lib/ruby/gems/1.8/gems/mongrel-1.1.4/lib/mongrel/configurator.rb:282:in `run'
    /usr/lib/ruby/gems/1.8/gems/mongrel-1.1.4/lib/mongrel/configurator.rb:281:in `each'
    /usr/lib/ruby/gems/1.8/gems/mongrel-1.1.4/lib/mongrel/configurator.rb:281:in `run'
    /usr/lib/ruby/gems/1.8/gems/mongrel-1.1.4/bin/mongrel_rails:128:in `run'
    /usr/lib/ruby/gems/1.8/gems/mongrel-1.1.4/lib/mongrel/command.rb:212:in `run'
    /usr/lib/ruby/gems/1.8/gems/mongrel-1.1.4/bin/mongrel_rails:281
    /usr/lib/ruby/gems/1.8/gems/activesupport-2.0.2/lib/active_support/dependencies.rb:489:in `load'
    /usr/lib/ruby/gems/1.8/gems/activesupport-2.0.2/lib/active_support/dependencies.rb:489:in `load'
    /usr/lib/ruby/gems/1.8/gems/activesupport-2.0.2/lib/active_support/dependencies.rb:342:in `new_constants_in'
    /usr/lib/ruby/gems/1.8/gems/activesupport-2.0.2/lib/active_support/dependencies.rb:489:in `load'
    /usr/lib/ruby/gems/1.8/gems/rails-2.0.2/lib/commands/servers/mongrel.rb:64
    /usr/local/lib/site_ruby/1.8/rubygems/custom_require.rb:27:in `gem_original_require'
    /usr/local/lib/site_ruby/1.8/rubygems/custom_require.rb:27:in `require'
    /usr/lib/ruby/gems/1.8/gems/activesupport-2.0.2/lib/active_support/dependencies.rb:496:in `require'
    /usr/lib/ruby/gems/1.8/gems/activesupport-2.0.2/lib/active_support/dependencies.rb:342:in `new_constants_in'
    /usr/lib/ruby/gems/1.8/gems/activesupport-2.0.2/lib/active_support/dependencies.rb:496:in `require'
    /usr/lib/ruby/gems/1.8/gems/rails-2.0.2/lib/commands/server.rb:39
    /usr/local/lib/site_ruby/1.8/rubygems/custom_require.rb:27:in `gem_original_require'
    /usr/local/lib/site_ruby/1.8/rubygems/custom_require.rb:27:in `require'
    script/server:3

Rendering /usr/lib/ruby/gems/1.8/gems/actionpack-2.0.2/lib/action_controller/templates/rescues/layout.erb (internal_server_error)


Processing IdeasController#index (for 172.16.19.100 at 2008-09-24 16:05:18) [GET]
  Session ID: BAh7BiIKZmxhc2hJQzonQWN0aW9uQ29udHJvbGxlcjo6Rmxhc2g6OkZsYXNo%0ASGFzaHsABjoKQHVzZWR7AA%3D%3D--ae5e716d7a1e2e98ab92d0282729f6faab8b12c6
  Parameters: {"action"=>"index", "controller"=>"ideas"}
WARNING: You're using the Ruby-based MySQL library that ships with Rails. This library is not suited for production. Please install the C-based MySQL library instead (gem install mysql).


Processing IdeasController#index (for 172.16.19.100 at 2008-09-24 16:06:14) [GET]
  Session ID: BAh7BiIKZmxhc2hJQzonQWN0aW9uQ29udHJvbGxlcjo6Rmxhc2g6OkZsYXNo%0ASGFzaHsABjoKQHVzZWR7AA%3D%3D--ae5e716d7a1e2e98ab92d0282729f6faab8b12c6
  Parameters: {"action"=>"index", "controller"=>"ideas"}
WARNING: You're using the Ruby-based MySQL library that ships with Rails. This library is not suited for production. Please install the C-based MySQL library instead (gem install mysql).


Processing HomeController#index (for 172.16.19.100 at 2008-09-25 09:13:11) [GET]
  Session ID: BAh7BiIKZmxhc2hJQzonQWN0aW9uQ29udHJvbGxlcjo6Rmxhc2g6OkZsYXNo%0ASGFzaHsABjoKQHVzZWR7AA%3D%3D--ae5e716d7a1e2e98ab92d0282729f6faab8b12c6
  Parameters: {"action"=>"index", "controller"=>"home"}
WARNING: You're using the Ruby-based MySQL library that ships with Rails. This library is not suited for production. Please install the C-based MySQL library instead (gem install mysql).


Processing HomeController#index (for 172.16.19.100 at 2008-09-25 09:13:12) [GET]
  Session ID: BAh7BiIKZmxhc2hJQzonQWN0aW9uQ29udHJvbGxlcjo6Rmxhc2g6OkZsYXNo%0ASGFzaHsABjoKQHVzZWR7AA%3D%3D--ae5e716d7a1e2e98ab92d0282729f6faab8b12c6
  Parameters: {"action"=>"index", "controller"=>"home"}


Mysql::Error (#42000Access denied for user 'root'@'%' to database 'active_idea_development'):
    /usr/lib/ruby/gems/1.8/gems/activerecord-2.0.2/lib/active_record/vendor/mysql.rb:523:in `read'
    /usr/lib/ruby/gems/1.8/gems/activerecord-2.0.2/lib/active_record/vendor/mysql.rb:153:in `real_connect'
    /usr/lib/ruby/gems/1.8/gems/activerecord-2.0.2/lib/active_record/connection_adapters/mysql_adapter.rb:471:in `connect'
    /usr/lib/ruby/gems/1.8/gems/activerecord-2.0.2/lib/active_record/connection_adapters/mysql_adapter.rb:165:in `initialize'
    /usr/lib/ruby/gems/1.8/gems/activerecord-2.0.2/lib/active_record/connection_adapters/mysql_adapter.rb:88:in `new'
    /usr/lib/ruby/gems/1.8/gems/activerecord-2.0.2/lib/active_record/connection_adapters/mysql_adapter.rb:88:in `mysql_connection'
    /usr/lib/ruby/gems/1.8/gems/activerecord-2.0.2/lib/active_record/connection_adapters/abstract/connection_specification.rb:291:in `send'
    /usr/lib/ruby/gems/1.8/gems/activerecord-2.0.2/lib/active_record/connection_adapters/abstract/connection_specification.rb:291:in `connection='
    /usr/lib/ruby/gems/1.8/gems/activerecord-2.0.2/lib/active_record/connection_adapters/abstract/connection_specification.rb:259:in `retrieve_connection'
    /usr/lib/ruby/gems/1.8/gems/activerecord-2.0.2/lib/active_record/connection_adapters/abstract/connection_specification.rb:78:in `connection'
    /usr/lib/ruby/gems/1.8/gems/activerecord-2.0.2/lib/active_record/query_cache.rb:8:in `cache'
    /usr/lib/ruby/gems/1.8/gems/actionpack-2.0.2/lib/action_controller/caching.rb:677:in `perform_action'
    /usr/lib/ruby/gems/1.8/gems/actionpack-2.0.2/lib/action_controller/base.rb:524:in `send'
    /usr/lib/ruby/gems/1.8/gems/actionpack-2.0.2/lib/action_controller/base.rb:524:in `process_without_filters'
    /usr/lib/ruby/gems/1.8/gems/actionpack-2.0.2/lib/action_controller/filters.rb:685:in `process_without_session_management_support'
    /usr/lib/ruby/gems/1.8/gems/actionpack-2.0.2/lib/action_controller/session_management.rb:123:in `process'
    /usr/lib/ruby/gems/1.8/gems/actionpack-2.0.2/lib/action_controller/base.rb:388:in `process'
    /usr/lib/ruby/gems/1.8/gems/actionpack-2.0.2/lib/action_controller/dispatcher.rb:171:in `handle_request'
    /usr/lib/ruby/gems/1.8/gems/actionpack-2.0.2/lib/action_controller/dispatcher.rb:115:in `dispatch'
    /usr/lib/ruby/gems/1.8/gems/actionpack-2.0.2/lib/action_controller/dispatcher.rb:126:in `dispatch_cgi'
    /usr/lib/ruby/gems/1.8/gems/actionpack-2.0.2/lib/action_controller/dispatcher.rb:9:in `dispatch'
    /usr/lib/ruby/gems/1.8/gems/mongrel-1.1.4/bin/../lib/mongrel/rails.rb:76:in `process'
    /usr/lib/ruby/gems/1.8/gems/mongrel-1.1.4/bin/../lib/mongrel/rails.rb:74:in `synchronize'
    /usr/lib/ruby/gems/1.8/gems/mongrel-1.1.4/bin/../lib/mongrel/rails.rb:74:in `process'
    /usr/lib/ruby/gems/1.8/gems/mongrel-1.1.4/lib/mongrel.rb:159:in `process_client'
    /usr/lib/ruby/gems/1.8/gems/mongrel-1.1.4/lib/mongrel.rb:158:in `each'
    /usr/lib/ruby/gems/1.8/gems/mongrel-1.1.4/lib/mongrel.rb:158:in `process_client'
    /usr/lib/ruby/gems/1.8/gems/mongrel-1.1.4/lib/mongrel.rb:285:in `run'
    /usr/lib/ruby/gems/1.8/gems/mongrel-1.1.4/lib/mongrel.rb:285:in `initialize'
    /usr/lib/ruby/gems/1.8/gems/mongrel-1.1.4/lib/mongrel.rb:285:in `new'
    /usr/lib/ruby/gems/1.8/gems/mongrel-1.1.4/lib/mongrel.rb:285:in `run'
    /usr/lib/ruby/gems/1.8/gems/mongrel-1.1.4/lib/mongrel.rb:268:in `initialize'
    /usr/lib/ruby/gems/1.8/gems/mongrel-1.1.4/lib/mongrel.rb:268:in `new'
    /usr/lib/ruby/gems/1.8/gems/mongrel-1.1.4/lib/mongrel.rb:268:in `run'
    /usr/lib/ruby/gems/1.8/gems/mongrel-1.1.4/lib/mongrel/configurator.rb:282:in `run'
    /usr/lib/ruby/gems/1.8/gems/mongrel-1.1.4/lib/mongrel/configurator.rb:281:in `each'
    /usr/lib/ruby/gems/1.8/gems/mongrel-1.1.4/lib/mongrel/configurator.rb:281:in `run'
    /usr/lib/ruby/gems/1.8/gems/mongrel-1.1.4/bin/mongrel_rails:128:in `run'
    /usr/lib/ruby/gems/1.8/gems/mongrel-1.1.4/lib/mongrel/command.rb:212:in `run'
    /usr/lib/ruby/gems/1.8/gems/mongrel-1.1.4/bin/mongrel_rails:281
    /usr/lib/ruby/gems/1.8/gems/activesupport-2.0.2/lib/active_support/dependencies.rb:489:in `load'
    /usr/lib/ruby/gems/1.8/gems/activesupport-2.0.2/lib/active_support/dependencies.rb:489:in `load'
    /usr/lib/ruby/gems/1.8/gems/activesupport-2.0.2/lib/active_support/dependencies.rb:342:in `new_constants_in'
    /usr/lib/ruby/gems/1.8/gems/activesupport-2.0.2/lib/active_support/dependencies.rb:489:in `load'
    /usr/lib/ruby/gems/1.8/gems/rails-2.0.2/lib/commands/servers/mongrel.rb:64
    /usr/local/lib/site_ruby/1.8/rubygems/custom_require.rb:27:in `gem_original_require'
    /usr/local/lib/site_ruby/1.8/rubygems/custom_require.rb:27:in `require'
    /usr/lib/ruby/gems/1.8/gems/activesupport-2.0.2/lib/active_support/dependencies.rb:496:in `require'
    /usr/lib/ruby/gems/1.8/gems/activesupport-2.0.2/lib/active_support/dependencies.rb:342:in `new_constants_in'
    /usr/lib/ruby/gems/1.8/gems/activesupport-2.0.2/lib/active_support/dependencies.rb:496:in `require'
    /usr/lib/ruby/gems/1.8/gems/rails-2.0.2/lib/commands/server.rb:39
    /usr/local/lib/site_ruby/1.8/rubygems/custom_require.rb:27:in `gem_original_require'
    /usr/local/lib/site_ruby/1.8/rubygems/custom_require.rb:27:in `require'
    script/server:3

Rendering /usr/lib/ruby/gems/1.8/gems/actionpack-2.0.2/lib/action_controller/templates/rescues/layout.erb (internal_server_error)


Processing HomeController#index (for 172.16.19.100 at 2008-09-25 09:13:52) [GET]
  Session ID: BAh7BiIKZmxhc2hJQzonQWN0aW9uQ29udHJvbGxlcjo6Rmxhc2g6OkZsYXNo%0ASGFzaHsABjoKQHVzZWR7AA%3D%3D--ae5e716d7a1e2e98ab92d0282729f6faab8b12c6
  Parameters: {"action"=>"index", "controller"=>"home"}
  [4;36;1mSQL (0.000373)[0m   [0;1mSET SQL_AUTO_IS_NULL=0[0m
  [4;35;1mIdea Load (0.002866)[0m   [0mSELECT * FROM `ideas` ORDER BY created_at desc LIMIT 8[0m
  [4;36;1mIdea Load (0.002145)[0m   [0;1mSELECT * FROM `ideas` ORDER BY votes desc LIMIT 5[0m
  [4;35;1mIdea Columns (0.002779)[0m   [0mSHOW FIELDS FROM `ideas`[0m
  [4;36;1mSQL (0.000661)[0m   [0;1mSELECT count(*) AS count_all FROM `ideas` [0m
  [4;35;1mTag Load (0.004665)[0m   [0mSELECT tags.id, tags.name, COUNT(*) AS count FROM `tags` INNER JOIN taggings ON tags.id = taggings.tag_id INNER JOIN ideas ON ideas.id = taggings.taggable_id WHERE (taggings.taggable_type = 'Idea') GROUP BY tags.id, tags.name HAVING COUNT(*) > 0[0m
Rendering template within layouts/application
Rendering home/index
  [4;36;1mUser Columns (0.002338)[0m   [0;1mSHOW FIELDS FROM `users`[0m
  [4;35;1mUser Load (0.000977)[0m   [0mSELECT * FROM `users` WHERE (`users`.`id` = 4) [0m
Rendered ideas/_idea (0.01944)
  [4;36;1mCACHE (0.000000)[0m   [0;1mSELECT * FROM `users` WHERE (`users`.`id` = 4) [0m
Rendered ideas/_idea (0.00129)
  [4;35;1mUser Load (0.000924)[0m   [0mSELECT * FROM `users` WHERE (`users`.`id` = 2) [0m
Rendered ideas/_idea (0.00236)
  [4;36;1mUser Load (0.000959)[0m   [0;1mSELECT * FROM `users` WHERE (`users`.`id` = 5) [0m
Rendered ideas/_idea (0.00239)
  [4;35;1mCACHE (0.000000)[0m   [0mSELECT * FROM `users` WHERE (`users`.`id` = 4) [0m
Rendered ideas/_idea (0.00121)
  [4;36;1mTag Columns (0.001901)[0m   [0;1mSHOW FIELDS FROM `tags`[0m
  [4;35;1mTagging Columns (0.002204)[0m   [0mSHOW FIELDS FROM `taggings`[0m
Rendered ideas/_form (0.01499)
  [4;36;1mUser Load (0.000954)[0m   [0;1mSELECT * FROM `users` WHERE (`users`.`id` = 1) [0m
  [4;35;1mComment Load (0.001497)[0m   [0mSELECT * FROM `comments` WHERE (comments.idea_id = 41) ORDER BY created_at asc[0m
  [4;36;1mTag Load (0.000885)[0m   [0;1mSELECT tags.* FROM tags INNER JOIN taggings ON tags.id = taggings.tag_id WHERE ((taggings.taggable_type = 'Idea') AND (taggings.taggable_id = 41)) [0m
Rendered ideas/_idea (0.01754)
  [4;35;1mCACHE (0.000000)[0m   [0mSELECT * FROM `users` WHERE (`users`.`id` = 2) [0m
  [4;36;1mComment Load (0.001269)[0m   [0;1mSELECT * FROM `comments` WHERE (comments.idea_id = 40) ORDER BY created_at asc[0m
  [4;35;1mTag Load (0.000983)[0m   [0mSELECT tags.* FROM tags INNER JOIN taggings ON tags.id = taggings.tag_id WHERE ((taggings.taggable_type = 'Idea') AND (taggings.taggable_id = 40)) [0m
Rendered ideas/_idea (0.01027)
  [4;36;1mCACHE (0.000000)[0m   [0;1mSELECT * FROM `users` WHERE (`users`.`id` = 2) [0m
  [4;35;1mComment Load (0.001116)[0m   [0mSELECT * FROM `comments` WHERE (comments.idea_id = 39) ORDER BY created_at asc[0m
  [4;36;1mTag Load (0.000887)[0m   [0;1mSELECT tags.* FROM tags INNER JOIN taggings ON tags.id = taggings.tag_id WHERE ((taggings.taggable_type = 'Idea') AND (taggings.taggable_id = 39)) [0m
Rendered ideas/_idea (0.00756)
  [4;35;1mUser Load (0.000922)[0m   [0mSELECT * FROM `users` WHERE (`users`.`id` = 11) [0m
  [4;36;1mComment Load (0.001117)[0m   [0;1mSELECT * FROM `comments` WHERE (comments.idea_id = 38) ORDER BY created_at asc[0m
  [4;35;1mTag Load (0.000979)[0m   [0mSELECT tags.* FROM tags INNER JOIN taggings ON tags.id = taggings.tag_id WHERE ((taggings.taggable_type = 'Idea') AND (taggings.taggable_id = 38)) [0m
Rendered ideas/_idea (0.01235)
  [4;36;1mCACHE (0.000000)[0m   [0;1mSELECT * FROM `users` WHERE (`users`.`id` = 1) [0m
  [4;35;1mComment Load (0.001416)[0m   [0mSELECT * FROM `comments` WHERE (comments.idea_id = 37) ORDER BY created_at asc[0m
  [4;36;1mTag Load (0.001298)[0m   [0;1mSELECT tags.* FROM tags INNER JOIN taggings ON tags.id = taggings.tag_id WHERE ((taggings.taggable_type = 'Idea') AND (taggings.taggable_id = 37)) [0m
Rendered ideas/_idea (0.01161)
  [4;35;1mCACHE (0.000000)[0m   [0mSELECT * FROM `users` WHERE (`users`.`id` = 2) [0m
  [4;36;1mComment Load (0.001148)[0m   [0;1mSELECT * FROM `comments` WHERE (comments.idea_id = 36) ORDER BY created_at asc[0m
  [4;35;1mTag Load (0.000879)[0m   [0mSELECT tags.* FROM tags INNER JOIN taggings ON tags.id = taggings.tag_id WHERE ((taggings.taggable_type = 'Idea') AND (taggings.taggable_id = 36)) [0m
Rendered ideas/_idea (0.00745)
  [4;36;1mUser Load (0.000917)[0m   [0;1mSELECT * FROM `users` WHERE (`users`.`id` = 9) [0m
  [4;35;1mComment Load (0.001343)[0m   [0mSELECT * FROM `comments` WHERE (comments.idea_id = 35) ORDER BY created_at asc[0m
  [4;36;1mTag Load (0.000837)[0m   [0;1mSELECT tags.* FROM tags INNER JOIN taggings ON tags.id = taggings.tag_id WHERE ((taggings.taggable_type = 'Idea') AND (taggings.taggable_id = 35)) [0m
Rendered ideas/_idea (0.00837)
  [4;35;1mUser Load (0.000911)[0m   [0mSELECT * FROM `users` WHERE (`users`.`id` = 8) [0m
  [4;36;1mComment Load (0.001284)[0m   [0;1mSELECT * FROM `comments` WHERE (comments.idea_id = 34) ORDER BY created_at asc[0m
  [4;35;1mTag Load (0.000757)[0m   [0mSELECT tags.* FROM tags INNER JOIN taggings ON tags.id = taggings.tag_id WHERE ((taggings.taggable_type = 'Idea') AND (taggings.taggable_id = 34)) [0m
Rendered ideas/_idea (0.00776)
Completed in 0.19204 (5 reqs/sec) | Rendering: 0.11678 (60%) | DB: 0.04419 (23%) | 200 OK [http://ui/]


Processing IdeasController#count (for 172.16.19.100 at 2008-09-25 09:13:53) [GET]
  Session ID: BAh7BiIKZmxhc2hJQzonQWN0aW9uQ29udHJvbGxlcjo6Rmxhc2g6OkZsYXNo%0ASGFzaHsABjoKQHVzZWR7AA%3D%3D--ae5e716d7a1e2e98ab92d0282729f6faab8b12c6
  Parameters: {"action"=>"count", "controller"=>"ideas"}
  [4;36;1mIdea Columns (0.003190)[0m   [0;1mSHOW FIELDS FROM `ideas`[0m
  [4;35;1mSQL (0.000587)[0m   [0mSELECT count(*) AS count_all FROM `ideas` [0m
Completed in 0.01759 (56 reqs/sec) | Rendering: 0.00010 (0%) | DB: 0.00378 (21%) | 200 OK [http://ui/ideas/count]
