** Daemonized, any open files are closed.  Look at log/mongrel.pid and log/mongrel.log for info.
** Starting Mongrel listening at 0.0.0.0:80
** Starting Rails with production environment...
** Rails loaded.
** Loading any Rails specific GemPlugins
** Signals ready.  TERM => stop.  USR2 => restart.  INT => stop (no restart).
** Rails signals registered.  HUP => reload (without restart).  It might not work well.
** Mongrel 1.1.4 available at 0.0.0.0:80
** Writing PID file to log/mongrel.pid
** USR2 signal received.
Tue Oct 07 10:15:52 -0700 2008: Reaping 17 threads for slow workers because of 'shutdown'
Thread #<Thread:0xb690af18 sleep> is too old, killing.
Tue Oct 07 10:15:52 -0700 2008: Error calling Dispatcher.dispatch #<Mongrel::TimeoutError: Mongrel timed out this thread: shutdown>Thread #<Thread:0xb690b814 sleep> is too old, killing.

/usr/lib/ruby/gems/1.8/gems/mongrel-1.1.4/bin/../lib/mongrel.rb:221:in `process'
/usr/lib/ruby/gems/1.8/gems/mongrel-1.1.4/bin/../lib/mongrel.rb:159:in `process_client'
/usr/lib/ruby/gems/1.8/gems/mongrel-1.1.4/bin/../lib/mongrel.rb:158:in `each'
/usr/lib/ruby/gems/1.8/gems/mongrel-1.1.4/bin/../lib/mongrel.rb:158:in `process_client'
/usr/lib/ruby/gems/1.8/gems/mongrel-1.1.4/bin/../lib/mongrel.rb:285:in `run'
/usr/lib/ruby/gems/1.8/gems/mongrel-1.1.4/bin/../lib/mongrel.rb:285:in `initialize'
/usr/lib/ruby/gems/1.8/gems/mongrel-1.1.4/bin/../lib/mongrel.rb:285:in `new'
/usr/lib/ruby/gems/1.8/gems/mongrel-1.1.4/bin/../lib/mongrel.rb:285:in `run'
/usr/lib/ruby/gems/1.8/gems/mongrel-1.1.4/bin/../lib/mongrel.rb:268:in `initialize'
/usr/lib/ruby/gems/1.8/gems/mongrel-1.1.4/bin/../lib/mongrel.rb:268:in `new'
/usr/lib/ruby/gems/1.8/gems/mongrel-1.1.4/bin/../lib/mongrel.rb:268:in `run'
/usr/lib/ruby/gems/1.8/gems/mongrel-1.1.4/bin/../lib/mongrel/configurator.rb:282:in `run'
/usr/lib/ruby/gems/1.8/gems/mongrel-1.1.4/bin/../lib/mongrel/configurator.rb:281:in `each'
/usr/lib/ruby/gems/1.8/gems/mongrel-1.1.4/bin/../lib/mongrel/configurator.rb:281:in `run'
/usr/lib/ruby/gems/1.8/gems/mongrel-1.1.4/bin/mongrel_rails:128:in `run'
/usr/lib/ruby/gems/1.8/gems/mongrel-1.1.4/bin/../lib/mongrel/command.rb:212:in `run'
/usr/lib/ruby/gems/1.8/gems/mongrel-1.1.4/bin/mongrel_rails:281
/usr/bin/mongrel_rails:19:in `load'
/usr/bin/mongrel_rails:19Tue Oct 07 10:15:52 -0700 2008: Error calling Dispatcher.dispatch #<Mongrel::TimeoutError: Mongrel timed out this thread: shutdown>Thread #<Thread:0xb690c098 sleep> is too old, killing.


/usr/lib/ruby/gems/1.8/gems/mongrel-1.1.4/bin/../lib/mongrel.rb:221:in `process'
/usr/lib/ruby/gems/1.8/gems/mongrel-1.1.4/bin/../lib/mongrel.rb:159:in `process_client'
/usr/lib/ruby/gems/1.8/gems/mongrel-1.1.4/bin/../lib/mongrel.rb:158:in `each'
/usr/lib/ruby/gems/1.8/gems/mongrel-1.1.4/bin/../lib/mongrel.rb:158:in `process_client'
/usr/lib/ruby/gems/1.8/gems/mongrel-1.1.4/bin/../lib/mongrel.rb:285:in `run'
/usr/lib/ruby/gems/1.8/gems/mongrel-1.1.4/bin/../lib/mongrel.rb:285:in `initialize'
/usr/lib/ruby/gems/1.8/gems/mongrel-1.1.4/bin/../lib/mongrel.rb:285:in `new'
/usr/lib/ruby/gems/1.8/gems/mongrel-1.1.4/bin/../lib/mongrel.rb:285:in `run'
/usr/lib/ruby/gems/1.8/gems/mongrel-1.1.4/bin/../lib/mongrel.rb:268:in `initialize'
/usr/lib/ruby/gems/1.8/gems/mongrel-1.1.4/bin/../lib/mongrel.rb:268:in `new'
/usr/lib/ruby/gems/1.8/gems/mongrel-1.1.4/bin/../lib/mongrel.rb:268:in `run'
/usr/lib/ruby/gems/1.8/gems/mongrel-1.1.4/bin/../lib/mongrel/configurator.rb:282:in `run'
/usr/lib/ruby/gems/1.8/gems/mongrel-1.1.4/bin/../lib/mongrel/configurator.rb:281:in `each'
/usr/lib/ruby/gems/1.8/gems/mongrel-1.1.4/bin/../lib/mongrel/configurator.rb:281:in `run'
/usr/lib/ruby/gems/1.8/gems/mongrel-1.1.4/bin/mongrel_rails:128:in `run'
/usr/lib/ruby/gems/1.8/gems/mongrel-1.1.4/bin/../lib/mongrel/command.rb:212:in `run'
/usr/lib/ruby/gems/1.8/gems/mongrel-1.1.4/bin/mongrel_rails:281
/usr/bin/mongrel_rails:19:in `load'
/usr/bin/mongrel_rails:19Tue Oct 07 10:15:52 -0700 2008: Error calling Dispatcher.dispatch #<Mongrel::TimeoutError: Mongrel timed out this thread: shutdown>Thread #<Thread:0xb690cb10 sleep> is too old, killing.


/usr/lib/ruby/gems/1.8/gems/mongrel-1.1.4/bin/../lib/mongrel.rb:221:in `process'
/usr/lib/ruby/gems/1.8/gems/mongrel-1.1.4/bin/../lib/mongrel.rb:159:in `process_client'
/usr/lib/ruby/gems/1.8/gems/mongrel-1.1.4/bin/../lib/mongrel.rb:158:in `each'
/usr/lib/ruby/gems/1.8/gems/mongrel-1.1.4/bin/../lib/mongrel.rb:158:in `process_client'
/usr/lib/ruby/gems/1.8/gems/mongrel-1.1.4/bin/../lib/mongrel.rb:285:in `run'
/usr/lib/ruby/gems/1.8/gems/mongrel-1.1.4/bin/../lib/mongrel.rb:285:in `initialize'
/usr/lib/ruby/gems/1.8/gems/mongrel-1.1.4/bin/../lib/mongrel.rb:285:in `new'
/usr/lib/ruby/gems/1.8/gems/mongrel-1.1.4/bin/../lib/mongrel.rb:285:in `run'
/usr/lib/ruby/gems/1.8/gems/mongrel-1.1.4/bin/../lib/mongrel.rb:268:in `initialize'
/usr/lib/ruby/gems/1.8/gems/mongrel-1.1.4/bin/../lib/mongrel.rb:268:in `new'
/usr/lib/ruby/gems/1.8/gems/mongrel-1.1.4/bin/../lib/mongrel.rb:268:in `run'
/usr/lib/ruby/gems/1.8/gems/mongrel-1.1.4/bin/../lib/mongrel/configurator.rb:282:in `run'
/usr/lib/ruby/gems/1.8/gems/mongrel-1.1.4/bin/../lib/mongrel/configurator.rb:281:in `each'
/usr/lib/ruby/gems/1.8/gems/mongrel-1.1.4/bin/../lib/mongrel/configurator.rb:281:in `run'
/usr/lib/ruby/gems/1.8/gems/mongrel-1.1.4/bin/mongrel_rails:128:in `run'
/usr/lib/ruby/gems/1.8/gems/mongrel-1.1.4/bin/../lib/mongrel/command.rb:212:in `run'
/usr/lib/ruby/gems/1.8/gems/mongrel-1.1.4/bin/mongrel_rails:281
/usr/bin/mongrel_rails:19:in `load'
/usr/bin/mongrel_rails:19Tue Oct 07 10:15:52 -0700 2008: Error calling Dispatcher.dispatch #<Mongrel::TimeoutError: Mongrel timed out this thread: shutdown>Thread #<Thread:0xb690d628 sleep> is too old, killing.


/usr/lib/ruby/gems/1.8/gems/mongrel-1.1.4/bin/../lib/mongrel.rb:221:in `process'
/usr/lib/ruby/gems/1.8/gems/mongrel-1.1.4/bin/../lib/mongrel.rb:159:in `process_client'
/usr/lib/ruby/gems/1.8/gems/mongrel-1.1.4/bin/../lib/mongrel.rb:158:in `each'
/usr/lib/ruby/gems/1.8/gems/mongrel-1.1.4/bin/../lib/mongrel.rb:158:in `process_client'
/usr/lib/ruby/gems/1.8/gems/mongrel-1.1.4/bin/../lib/mongrel.rb:285:in `run'
/usr/lib/ruby/gems/1.8/gems/mongrel-1.1.4/bin/../lib/mongrel.rb:285:in `initialize'
/usr/lib/ruby/gems/1.8/gems/mongrel-1.1.4/bin/../lib/mongrel.rb:285:in `new'
/usr/lib/ruby/gems/1.8/gems/mongrel-1.1.4/bin/../lib/mongrel.rb:285:in `run'
/usr/lib/ruby/gems/1.8/gems/mongrel-1.1.4/bin/../lib/mongrel.rb:268:in `initialize'
/usr/lib/ruby/gems/1.8/gems/mongrel-1.1.4/bin/../lib/mongrel.rb:268:in `new'
/usr/lib/ruby/gems/1.8/gems/mongrel-1.1.4/bin/../lib/mongrel.rb:268:in `run'
/usr/lib/ruby/gems/1.8/gems/mongrel-1.1.4/bin/../lib/mongrel/configurator.rb:282:in `run'
/usr/lib/ruby/gems/1.8/gems/mongrel-1.1.4/bin/../lib/mongrel/configurator.rb:281:in `each'
/usr/lib/ruby/gems/1.8/gems/mongrel-1.1.4/bin/../lib/mongrel/configurator.rb:281:in `run'
/usr/lib/ruby/gems/1.8/gems/mongrel-1.1.4/bin/mongrel_rails:128:in `run'
/usr/lib/ruby/gems/1.8/gems/mongrel-1.1.4/bin/../lib/mongrel/command.rb:212:in `run'
/usr/lib/ruby/gems/1.8/gems/mongrel-1.1.4/bin/mongrel_rails:281
/usr/bin/mongrel_rails:19:in `load'
/usr/bin/mongrel_rails:19Tue Oct 07 10:15:52 -0700 2008: Error calling Dispatcher.dispatch #<Mongrel::TimeoutError: Mongrel timed out this thread: shutdown>Thread #<Thread:0xb690e140 sleep> is too old, killing.


/usr/lib/ruby/gems/1.8/gems/mongrel-1.1.4/bin/../lib/mongrel.rb:221:in `process'
/usr/lib/ruby/gems/1.8/gems/mongrel-1.1.4/bin/../lib/mongrel.rb:159:in `process_client'
/usr/lib/ruby/gems/1.8/gems/mongrel-1.1.4/bin/../lib/mongrel.rb:158:in `each'
/usr/lib/ruby/gems/1.8/gems/mongrel-1.1.4/bin/../lib/mongrel.rb:158:in `process_client'
/usr/lib/ruby/gems/1.8/gems/mongrel-1.1.4/bin/../lib/mongrel.rb:285:in `run'
/usr/lib/ruby/gems/1.8/gems/mongrel-1.1.4/bin/../lib/mongrel.rb:285:in `initialize'
/usr/lib/ruby/gems/1.8/gems/mongrel-1.1.4/bin/../lib/mongrel.rb:285:in `new'
/usr/lib/ruby/gems/1.8/gems/mongrel-1.1.4/bin/../lib/mongrel.rb:285:in `run'
/usr/lib/ruby/gems/1.8/gems/mongrel-1.1.4/bin/../lib/mongrel.rb:268:in `initialize'
/usr/lib/ruby/gems/1.8/gems/mongrel-1.1.4/bin/../lib/mongrel.rb:268:in `new'
/usr/lib/ruby/gems/1.8/gems/mongrel-1.1.4/bin/../lib/mongrel.rb:268:in `run'
/usr/lib/ruby/gems/1.8/gems/mongrel-1.1.4/bin/../lib/mongrel/configurator.rb:282:in `run'
/usr/lib/ruby/gems/1.8/gems/mongrel-1.1.4/bin/../lib/mongrel/configurator.rb:281:in `each'
/usr/lib/ruby/gems/1.8/gems/mongrel-1.1.4/bin/../lib/mongrel/configurator.rb:281:in `run'
/usr/lib/ruby/gems/1.8/gems/mongrel-1.1.4/bin/mongrel_rails:128:in `run'
/usr/lib/ruby/gems/1.8/gems/mongrel-1.1.4/bin/../lib/mongrel/command.rb:212:in `run'
/usr/lib/ruby/gems/1.8/gems/mongrel-1.1.4/bin/mongrel_rails:281
/usr/bin/mongrel_rails:19:in `load'
/usr/bin/mongrel_rails:19Tue Oct 07 10:15:52 -0700 2008: Error calling Dispatcher.dispatch #<Mongrel::TimeoutError: Mongrel timed out this thread: shutdown>Thread #<Thread:0xb690ea3c sleep> is too old, killing.


/usr/lib/ruby/gems/1.8/gems/mongrel-1.1.4/bin/../lib/mongrel.rb:221:in `process'
/usr/lib/ruby/gems/1.8/gems/mongrel-1.1.4/bin/../lib/mongrel.rb:159:in `process_client'
/usr/lib/ruby/gems/1.8/gems/mongrel-1.1.4/bin/../lib/mongrel.rb:158:in `each'
/usr/lib/ruby/gems/1.8/gems/mongrel-1.1.4/bin/../lib/mongrel.rb:158:in `process_client'
/usr/lib/ruby/gems/1.8/gems/mongrel-1.1.4/bin/../lib/mongrel.rb:285:in `run'
/usr/lib/ruby/gems/1.8/gems/mongrel-1.1.4/bin/../lib/mongrel.rb:285:in `initialize'
/usr/lib/ruby/gems/1.8/gems/mongrel-1.1.4/bin/../lib/mongrel.rb:285:in `new'
/usr/lib/ruby/gems/1.8/gems/mongrel-1.1.4/bin/../lib/mongrel.rb:285:in `run'
/usr/lib/ruby/gems/1.8/gems/mongrel-1.1.4/bin/../lib/mongrel.rb:268:in `initialize'
/usr/lib/ruby/gems/1.8/gems/mongrel-1.1.4/bin/../lib/mongrel.rb:268:in `new'
/usr/lib/ruby/gems/1.8/gems/mongrel-1.1.4/bin/../lib/mongrel.rb:268:in `run'
/usr/lib/ruby/gems/1.8/gems/mongrel-1.1.4/bin/../lib/mongrel/configurator.rb:282:in `run'
/usr/lib/ruby/gems/1.8/gems/mongrel-1.1.4/bin/../lib/mongrel/configurator.rb:281:in `each'
/usr/lib/ruby/gems/1.8/gems/mongrel-1.1.4/bin/../lib/mongrel/configurator.rb:281:in `run'
/usr/lib/ruby/gems/1.8/gems/mongrel-1.1.4/bin/mongrel_rails:128:in `run'
/usr/lib/ruby/gems/1.8/gems/mongrel-1.1.4/bin/../lib/mongrel/command.rb:212:in `run'
/usr/lib/ruby/gems/1.8/gems/mongrel-1.1.4/bin/mongrel_rails:281
/usr/bin/mongrel_rails:19:in `load'
/usr/bin/mongrel_rails:19Tue Oct 07 10:15:52 -0700 2008: Error calling Dispatcher.dispatch #<Mongrel::TimeoutError: Mongrel timed out this thread: shutdown>Thread #<Thread:0xb6910300 sleep> is too old, killing.


/usr/lib/ruby/gems/1.8/gems/mongrel-1.1.4/bin/../lib/mongrel.rb:221:in `process'
/usr/lib/ruby/gems/1.8/gems/mongrel-1.1.4/bin/../lib/mongrel.rb:159:in `process_client'
/usr/lib/ruby/gems/1.8/gems/mongrel-1.1.4/bin/../lib/mongrel.rb:158:in `each'
/usr/lib/ruby/gems/1.8/gems/mongrel-1.1.4/bin/../lib/mongrel.rb:158:in `process_client'
/usr/lib/ruby/gems/1.8/gems/mongrel-1.1.4/bin/../lib/mongrel.rb:285:in `run'
/usr/lib/ruby/gems/1.8/gems/mongrel-1.1.4/bin/../lib/mongrel.rb:285:in `initialize'
/usr/lib/ruby/gems/1.8/gems/mongrel-1.1.4/bin/../lib/mongrel.rb:285:in `new'
/usr/lib/ruby/gems/1.8/gems/mongrel-1.1.4/bin/../lib/mongrel.rb:285:in `run'
/usr/lib/ruby/gems/1.8/gems/mongrel-1.1.4/bin/../lib/mongrel.rb:268:in `initialize'
/usr/lib/ruby/gems/1.8/gems/mongrel-1.1.4/bin/../lib/mongrel.rb:268:in `new'
/usr/lib/ruby/gems/1.8/gems/mongrel-1.1.4/bin/../lib/mongrel.rb:268:in `run'
/usr/lib/ruby/gems/1.8/gems/mongrel-1.1.4/bin/../lib/mongrel/configurator.rb:282:in `run'
/usr/lib/ruby/gems/1.8/gems/mongrel-1.1.4/bin/../lib/mongrel/configurator.rb:281:in `each'
/usr/lib/ruby/gems/1.8/gems/mongrel-1.1.4/bin/../lib/mongrel/configurator.rb:281:in `run'
/usr/lib/ruby/gems/1.8/gems/mongrel-1.1.4/bin/mongrel_rails:128:in `run'
/usr/lib/ruby/gems/1.8/gems/mongrel-1.1.4/bin/../lib/mongrel/command.rb:212:in `run'
/usr/lib/ruby/gems/1.8/gems/mongrel-1.1.4/bin/mongrel_rails:281
/usr/bin/mongrel_rails:19:in `load'
/usr/bin/mongrel_rails:19Tue Oct 07 10:15:52 -0700 2008: Error calling Dispatcher.dispatch #<Mongrel::TimeoutError: Mongrel timed out this thread: shutdown>Thread #<Thread:0xb6911020 sleep> is too old, killing.


/usr/lib/ruby/gems/1.8/gems/mongrel-1.1.4/bin/../lib/mongrel.rb:221:in `process'
/usr/lib/ruby/gems/1.8/gems/mongrel-1.1.4/bin/../lib/mongrel.rb:159:in `process_client'
/usr/lib/ruby/gems/1.8/gems/mongrel-1.1.4/bin/../lib/mongrel.rb:158:in `each'
/usr/lib/ruby/gems/1.8/gems/mongrel-1.1.4/bin/../lib/mongrel.rb:158:in `process_client'
/usr/lib/ruby/gems/1.8/gems/mongrel-1.1.4/bin/../lib/mongrel.rb:285:in `run'
/usr/lib/ruby/gems/1.8/gems/mongrel-1.1.4/bin/../lib/mongrel.rb:285:in `initialize'
/usr/lib/ruby/gems/1.8/gems/mongrel-1.1.4/bin/../lib/mongrel.rb:285:in `new'
/usr/lib/ruby/gems/1.8/gems/mongrel-1.1.4/bin/../lib/mongrel.rb:285:in `run'
/usr/lib/ruby/gems/1.8/gems/mongrel-1.1.4/bin/../lib/mongrel.rb:268:in `initialize'
/usr/lib/ruby/gems/1.8/gems/mongrel-1.1.4/bin/../lib/mongrel.rb:268:in `new'
/usr/lib/ruby/gems/1.8/gems/mongrel-1.1.4/bin/../lib/mongrel.rb:268:in `run'
/usr/lib/ruby/gems/1.8/gems/mongrel-1.1.4/bin/../lib/mongrel/configurator.rb:282:in `run'
/usr/lib/ruby/gems/1.8/gems/mongrel-1.1.4/bin/../lib/mongrel/configurator.rb:281:in `each'
/usr/lib/ruby/gems/1.8/gems/mongrel-1.1.4/bin/../lib/mongrel/configurator.rb:281:in `run'
/usr/lib/ruby/gems/1.8/gems/mongrel-1.1.4/bin/mongrel_rails:128:in `run'
/usr/lib/ruby/gems/1.8/gems/mongrel-1.1.4/bin/../lib/mongrel/command.rb:212:in `run'
/usr/lib/ruby/gems/1.8/gems/mongrel-1.1.4/bin/mongrel_rails:281
/usr/bin/mongrel_rails:19:in `load'
/usr/bin/mongrel_rails:19Tue Oct 07 10:15:52 -0700 2008: Error calling Dispatcher.dispatch #<Mongrel::TimeoutError: Mongrel timed out this thread: shutdown>Thread #<Thread:0xb6911b88 sleep> is too old, killing.


/usr/lib/ruby/gems/1.8/gems/mongrel-1.1.4/bin/../lib/mongrel.rb:221:in `process'
/usr/lib/ruby/gems/1.8/gems/mongrel-1.1.4/bin/../lib/mongrel.rb:159:in `process_client'
/usr/lib/ruby/gems/1.8/gems/mongrel-1.1.4/bin/../lib/mongrel.rb:158:in `each'
/usr/lib/ruby/gems/1.8/gems/mongrel-1.1.4/bin/../lib/mongrel.rb:158:in `process_client'
/usr/lib/ruby/gems/1.8/gems/mongrel-1.1.4/bin/../lib/mongrel.rb:285:in `run'
/usr/lib/ruby/gems/1.8/gems/mongrel-1.1.4/bin/../lib/mongrel.rb:285:in `initialize'
/usr/lib/ruby/gems/1.8/gems/mongrel-1.1.4/bin/../lib/mongrel.rb:285:in `new'
/usr/lib/ruby/gems/1.8/gems/mongrel-1.1.4/bin/../lib/mongrel.rb:285:in `run'
/usr/lib/ruby/gems/1.8/gems/mongrel-1.1.4/bin/../lib/mongrel.rb:268:in `initialize'
/usr/lib/ruby/gems/1.8/gems/mongrel-1.1.4/bin/../lib/mongrel.rb:268:in `new'
/usr/lib/ruby/gems/1.8/gems/mongrel-1.1.4/bin/../lib/mongrel.rb:268:in `run'
/usr/lib/ruby/gems/1.8/gems/mongrel-1.1.4/bin/../lib/mongrel/configurator.rb:282:in `run'
/usr/lib/ruby/gems/1.8/gems/mongrel-1.1.4/bin/../lib/mongrel/configurator.rb:281:in `each'
/usr/lib/ruby/gems/1.8/gems/mongrel-1.1.4/bin/../lib/mongrel/configurator.rb:281:in `run'
/usr/lib/ruby/gems/1.8/gems/mongrel-1.1.4/bin/mongrel_rails:128:in `run'
/usr/lib/ruby/gems/1.8/gems/mongrel-1.1.4/bin/../lib/mongrel/command.rb:212:in `run'
/usr/lib/ruby/gems/1.8/gems/mongrel-1.1.4/bin/mongrel_rails:281
/usr/bin/mongrel_rails:19:in `load'
/usr/bin/mongrel_rails:19Tue Oct 07 10:15:52 -0700 2008: Error calling Dispatcher.dispatch #<Mongrel::TimeoutError: Mongrel timed out this thread: shutdown>Thread #<Thread:0xb69126a0 sleep> is too old, killing.


/usr/lib/ruby/gems/1.8/gems/mongrel-1.1.4/bin/../lib/mongrel.rb:221:in `process'
/usr/lib/ruby/gems/1.8/gems/mongrel-1.1.4/bin/../lib/mongrel.rb:159:in `process_client'
/usr/lib/ruby/gems/1.8/gems/mongrel-1.1.4/bin/../lib/mongrel.rb:158:in `each'
/usr/lib/ruby/gems/1.8/gems/mongrel-1.1.4/bin/../lib/mongrel.rb:158:in `process_client'
/usr/lib/ruby/gems/1.8/gems/mongrel-1.1.4/bin/../lib/mongrel.rb:285:in `run'
/usr/lib/ruby/gems/1.8/gems/mongrel-1.1.4/bin/../lib/mongrel.rb:285:in `initialize'
/usr/lib/ruby/gems/1.8/gems/mongrel-1.1.4/bin/../lib/mongrel.rb:285:in `new'
/usr/lib/ruby/gems/1.8/gems/mongrel-1.1.4/bin/../lib/mongrel.rb:285:in `run'
/usr/lib/ruby/gems/1.8/gems/mongrel-1.1.4/bin/../lib/mongrel.rb:268:in `initialize'
/usr/lib/ruby/gems/1.8/gems/mongrel-1.1.4/bin/../lib/mongrel.rb:268:in `new'
/usr/lib/ruby/gems/1.8/gems/mongrel-1.1.4/bin/../lib/mongrel.rb:268:in `run'
/usr/lib/ruby/gems/1.8/gems/mongrel-1.1.4/bin/../lib/mongrel/configurator.rb:282:in `run'
/usr/lib/ruby/gems/1.8/gems/mongrel-1.1.4/bin/../lib/mongrel/configurator.rb:281:in `each'
/usr/lib/ruby/gems/1.8/gems/mongrel-1.1.4/bin/../lib/mongrel/configurator.rb:281:in `run'
/usr/lib/ruby/gems/1.8/gems/mongrel-1.1.4/bin/mongrel_rails:128:in `run'
/usr/lib/ruby/gems/1.8/gems/mongrel-1.1.4/bin/../lib/mongrel/command.rb:212:in `run'
/usr/lib/ruby/gems/1.8/gems/mongrel-1.1.4/bin/mongrel_rails:281
/usr/bin/mongrel_rails:19:in `load'
/usr/bin/mongrel_rails:19Tue Oct 07 10:15:52 -0700 2008: Error calling Dispatcher.dispatch #<Mongrel::TimeoutError: Mongrel timed out this thread: shutdown>Thread #<Thread:0xb69133d4 sleep> is too old, killing.


/usr/lib/ruby/gems/1.8/gems/mongrel-1.1.4/bin/../lib/mongrel.rb:221:in `process'
/usr/lib/ruby/gems/1.8/gems/mongrel-1.1.4/bin/../lib/mongrel.rb:159:in `process_client'
/usr/lib/ruby/gems/1.8/gems/mongrel-1.1.4/bin/../lib/mongrel.rb:158:in `each'
/usr/lib/ruby/gems/1.8/gems/mongrel-1.1.4/bin/../lib/mongrel.rb:158:in `process_client'
/usr/lib/ruby/gems/1.8/gems/mongrel-1.1.4/bin/../lib/mongrel.rb:285:in `run'
/usr/lib/ruby/gems/1.8/gems/mongrel-1.1.4/bin/../lib/mongrel.rb:285:in `initialize'
/usr/lib/ruby/gems/1.8/gems/mongrel-1.1.4/bin/../lib/mongrel.rb:285:in `new'
/usr/lib/ruby/gems/1.8/gems/mongrel-1.1.4/bin/../lib/mongrel.rb:285:in `run'
/usr/lib/ruby/gems/1.8/gems/mongrel-1.1.4/bin/../lib/mongrel.rb:268:in `initialize'
/usr/lib/ruby/gems/1.8/gems/mongrel-1.1.4/bin/../lib/mongrel.rb:268:in `new'
/usr/lib/ruby/gems/1.8/gems/mongrel-1.1.4/bin/../lib/mongrel.rb:268:in `run'
/usr/lib/ruby/gems/1.8/gems/mongrel-1.1.4/bin/../lib/mongrel/configurator.rb:282:in `run'
/usr/lib/ruby/gems/1.8/gems/mongrel-1.1.4/bin/../lib/mongrel/configurator.rb:281:in `each'
/usr/lib/ruby/gems/1.8/gems/mongrel-1.1.4/bin/../lib/mongrel/configurator.rb:281:in `run'
/usr/lib/ruby/gems/1.8/gems/mongrel-1.1.4/bin/mongrel_rails:128:in `run'
/usr/lib/ruby/gems/1.8/gems/mongrel-1.1.4/bin/../lib/mongrel/command.rb:212:in `run'
/usr/lib/ruby/gems/1.8/gems/mongrel-1.1.4/bin/mongrel_rails:281
/usr/bin/mongrel_rails:19:in `load'
/usr/bin/mongrel_rails:19Tue Oct 07 10:15:52 -0700 2008: Error calling Dispatcher.dispatch #<Mongrel::TimeoutError: Mongrel timed out this thread: shutdown>Thread #<Thread:0xb6913f00 sleep> is too old, killing.


/usr/lib/ruby/gems/1.8/gems/mongrel-1.1.4/bin/../lib/mongrel.rb:221:in `process'
/usr/lib/ruby/gems/1.8/gems/mongrel-1.1.4/bin/../lib/mongrel.rb:159:in `process_client'
/usr/lib/ruby/gems/1.8/gems/mongrel-1.1.4/bin/../lib/mongrel.rb:158:in `each'
/usr/lib/ruby/gems/1.8/gems/mongrel-1.1.4/bin/../lib/mongrel.rb:158:in `process_client'
/usr/lib/ruby/gems/1.8/gems/mongrel-1.1.4/bin/../lib/mongrel.rb:285:in `run'
/usr/lib/ruby/gems/1.8/gems/mongrel-1.1.4/bin/../lib/mongrel.rb:285:in `initialize'
/usr/lib/ruby/gems/1.8/gems/mongrel-1.1.4/bin/../lib/mongrel.rb:285:in `new'
/usr/lib/ruby/gems/1.8/gems/mongrel-1.1.4/bin/../lib/mongrel.rb:285:in `run'
/usr/lib/ruby/gems/1.8/gems/mongrel-1.1.4/bin/../lib/mongrel.rb:268:in `initialize'
/usr/lib/ruby/gems/1.8/gems/mongrel-1.1.4/bin/../lib/mongrel.rb:268:in `new'
/usr/lib/ruby/gems/1.8/gems/mongrel-1.1.4/bin/../lib/mongrel.rb:268:in `run'
/usr/lib/ruby/gems/1.8/gems/mongrel-1.1.4/bin/../lib/mongrel/configurator.rb:282:in `run'
/usr/lib/ruby/gems/1.8/gems/mongrel-1.1.4/bin/../lib/mongrel/configurator.rb:281:in `each'
/usr/lib/ruby/gems/1.8/gems/mongrel-1.1.4/bin/../lib/mongrel/configurator.rb:281:in `run'
/usr/lib/ruby/gems/1.8/gems/mongrel-1.1.4/bin/mongrel_rails:128:in `run'
/usr/lib/ruby/gems/1.8/gems/mongrel-1.1.4/bin/../lib/mongrel/command.rb:212:in `run'
/usr/lib/ruby/gems/1.8/gems/mongrel-1.1.4/bin/mongrel_rails:281
/usr/bin/mongrel_rails:19:in `load'
/usr/bin/mongrel_rails:19Tue Oct 07 10:15:52 -0700 2008: Error calling Dispatcher.dispatch #<Mongrel::TimeoutError: Mongrel timed out this thread: shutdown>Thread #<Thread:0xb6914a90 sleep> is too old, killing.


/usr/lib/ruby/gems/1.8/gems/mongrel-1.1.4/bin/../lib/mongrel.rb:221:in `process'
/usr/lib/ruby/gems/1.8/gems/mongrel-1.1.4/bin/../lib/mongrel.rb:159:in `process_client'
/usr/lib/ruby/gems/1.8/gems/mongrel-1.1.4/bin/../lib/mongrel.rb:158:in `each'
/usr/lib/ruby/gems/1.8/gems/mongrel-1.1.4/bin/../lib/mongrel.rb:158:in `process_client'
/usr/lib/ruby/gems/1.8/gems/mongrel-1.1.4/bin/../lib/mongrel.rb:285:in `run'
/usr/lib/ruby/gems/1.8/gems/mongrel-1.1.4/bin/../lib/mongrel.rb:285:in `initialize'
/usr/lib/ruby/gems/1.8/gems/mongrel-1.1.4/bin/../lib/mongrel.rb:285:in `new'
/usr/lib/ruby/gems/1.8/gems/mongrel-1.1.4/bin/../lib/mongrel.rb:285:in `run'
/usr/lib/ruby/gems/1.8/gems/mongrel-1.1.4/bin/../lib/mongrel.rb:268:in `initialize'
/usr/lib/ruby/gems/1.8/gems/mongrel-1.1.4/bin/../lib/mongrel.rb:268:in `new'
/usr/lib/ruby/gems/1.8/gems/mongrel-1.1.4/bin/../lib/mongrel.rb:268:in `run'
/usr/lib/ruby/gems/1.8/gems/mongrel-1.1.4/bin/../lib/mongrel/configurator.rb:282:in `run'
/usr/lib/ruby/gems/1.8/gems/mongrel-1.1.4/bin/../lib/mongrel/configurator.rb:281:in `each'
/usr/lib/ruby/gems/1.8/gems/mongrel-1.1.4/bin/../lib/mongrel/configurator.rb:281:in `run'
/usr/lib/ruby/gems/1.8/gems/mongrel-1.1.4/bin/mongrel_rails:128:in `run'
/usr/lib/ruby/gems/1.8/gems/mongrel-1.1.4/bin/../lib/mongrel/command.rb:212:in `run'
/usr/lib/ruby/gems/1.8/gems/mongrel-1.1.4/bin/mongrel_rails:281
/usr/bin/mongrel_rails:19:in `load'
/usr/bin/mongrel_rails:19Tue Oct 07 10:15:52 -0700 2008: Error calling Dispatcher.dispatch #<Mongrel::TimeoutError: Mongrel timed out this thread: shutdown>Thread #<Thread:0xb691538c sleep> is too old, killing.


/usr/lib/ruby/gems/1.8/gems/mongrel-1.1.4/bin/../lib/mongrel.rb:221:in `process'
/usr/lib/ruby/gems/1.8/gems/mongrel-1.1.4/bin/../lib/mongrel.rb:159:in `process_client'
/usr/lib/ruby/gems/1.8/gems/mongrel-1.1.4/bin/../lib/mongrel.rb:158:in `each'
/usr/lib/ruby/gems/1.8/gems/mongrel-1.1.4/bin/../lib/mongrel.rb:158:in `process_client'
/usr/lib/ruby/gems/1.8/gems/mongrel-1.1.4/bin/../lib/mongrel.rb:285:in `run'
/usr/lib/ruby/gems/1.8/gems/mongrel-1.1.4/bin/../lib/mongrel.rb:285:in `initialize'
/usr/lib/ruby/gems/1.8/gems/mongrel-1.1.4/bin/../lib/mongrel.rb:285:in `new'
/usr/lib/ruby/gems/1.8/gems/mongrel-1.1.4/bin/../lib/mongrel.rb:285:in `run'
/usr/lib/ruby/gems/1.8/gems/mongrel-1.1.4/bin/../lib/mongrel.rb:268:in `initialize'
/usr/lib/ruby/gems/1.8/gems/mongrel-1.1.4/bin/../lib/mongrel.rb:268:in `new'
/usr/lib/ruby/gems/1.8/gems/mongrel-1.1.4/bin/../lib/mongrel.rb:268:in `run'
/usr/lib/ruby/gems/1.8/gems/mongrel-1.1.4/bin/../lib/mongrel/configurator.rb:282:in `run'
/usr/lib/ruby/gems/1.8/gems/mongrel-1.1.4/bin/../lib/mongrel/configurator.rb:281:in `each'
/usr/lib/ruby/gems/1.8/gems/mongrel-1.1.4/bin/../lib/mongrel/configurator.rb:281:in `run'
/usr/lib/ruby/gems/1.8/gems/mongrel-1.1.4/bin/mongrel_rails:128:in `run'
/usr/lib/ruby/gems/1.8/gems/mongrel-1.1.4/bin/../lib/mongrel/command.rb:212:in `run'
/usr/lib/ruby/gems/1.8/gems/mongrel-1.1.4/bin/mongrel_rails:281
/usr/bin/mongrel_rails:19:in `load'
/usr/bin/mongrel_rails:19Tue Oct 07 10:15:52 -0700 2008: Error calling Dispatcher.dispatch #<Mongrel::TimeoutError: Mongrel timed out this thread: shutdown>Thread #<Thread:0xb6916a34 sleep> is too old, killing.


/usr/lib/ruby/gems/1.8/gems/mongrel-1.1.4/bin/../lib/mongrel.rb:221:in `process'
/usr/lib/ruby/gems/1.8/gems/mongrel-1.1.4/bin/../lib/mongrel.rb:159:in `process_client'
/usr/lib/ruby/gems/1.8/gems/mongrel-1.1.4/bin/../lib/mongrel.rb:158:in `each'
/usr/lib/ruby/gems/1.8/gems/mongrel-1.1.4/bin/../lib/mongrel.rb:158:in `process_client'
/usr/lib/ruby/gems/1.8/gems/mongrel-1.1.4/bin/../lib/mongrel.rb:285:in `run'
/usr/lib/ruby/gems/1.8/gems/mongrel-1.1.4/bin/../lib/mongrel.rb:285:in `initialize'
/usr/lib/ruby/gems/1.8/gems/mongrel-1.1.4/bin/../lib/mongrel.rb:285:in `new'
/usr/lib/ruby/gems/1.8/gems/mongrel-1.1.4/bin/../lib/mongrel.rb:285:in `run'
/usr/lib/ruby/gems/1.8/gems/mongrel-1.1.4/bin/../lib/mongrel.rb:268:in `initialize'
/usr/lib/ruby/gems/1.8/gems/mongrel-1.1.4/bin/../lib/mongrel.rb:268:in `new'
/usr/lib/ruby/gems/1.8/gems/mongrel-1.1.4/bin/../lib/mongrel.rb:268:in `run'
/usr/lib/ruby/gems/1.8/gems/mongrel-1.1.4/bin/../lib/mongrel/configurator.rb:282:in `run'
/usr/lib/ruby/gems/1.8/gems/mongrel-1.1.4/bin/../lib/mongrel/configurator.rb:281:in `each'
/usr/lib/ruby/gems/1.8/gems/mongrel-1.1.4/bin/../lib/mongrel/configurator.rb:281:in `run'
/usr/lib/ruby/gems/1.8/gems/mongrel-1.1.4/bin/mongrel_rails:128:in `run'
/usr/lib/ruby/gems/1.8/gems/mongrel-1.1.4/bin/../lib/mongrel/command.rb:212:in `run'
/usr/lib/ruby/gems/1.8/gems/mongrel-1.1.4/bin/mongrel_rails:281
/usr/bin/mongrel_rails:19:in `load'
/usr/bin/mongrel_rails:19Waiting for 4 requests to finish, could take 60.0 seconds.

Tue Oct 07 10:15:58 -0700 2008: Reaping 1 threads for slow workers because of 'shutdown'
Waiting for 1 requests to finish, could take 60.0 seconds.
Tue Oct 07 10:16:04 -0700 2008: Reaping 1 threads for slow workers because of 'shutdown'
Waiting for 1 requests to finish, could take 60.0 seconds.
Tue Oct 07 10:16:10 -0700 2008: Reaping 1 threads for slow workers because of 'shutdown'
Waiting for 1 requests to finish, could take 60.0 seconds.
Tue Oct 07 10:16:16 -0700 2008: Reaping 1 threads for slow workers because of 'shutdown'
Waiting for 1 requests to finish, could take 60.0 seconds.
Tue Oct 07 10:16:22 -0700 2008: Reaping 1 threads for slow workers because of 'shutdown'
Thread #<Thread:0xb690a194 sleep> is too old, killing.
Waiting for 1 requests to finish, could take 60.0 seconds.
** Restarting with arguments:  ruby /usr/lib/ruby/gems/1.8/gems/mongrel-1.1.4/bin/mongrel_rails start -p 80 -e production -d
** Daemonized, any open files are closed.  Look at log/mongrel.pid and log/mongrel.log for info.
** Starting Mongrel listening at 0.0.0.0:80
** Starting Rails with production environment...
** Rails loaded.
** Loading any Rails specific GemPlugins
** Signals ready.  TERM => stop.  USR2 => restart.  INT => stop (no restart).
** Rails signals registered.  HUP => reload (without restart).  It might not work well.
** Mongrel 1.1.4 available at 0.0.0.0:80
** Writing PID file to log/mongrel.pid
** TERM signal received.
** Daemonized, any open files are closed.  Look at log/mongrel.pid and log/mongrel.log for info.
** Starting Mongrel listening at 0.0.0.0:80
** Starting Rails with production environment...
** Rails loaded.
** Loading any Rails specific GemPlugins
** Signals ready.  TERM => stop.  USR2 => restart.  INT => stop (no restart).
** Rails signals registered.  HUP => reload (without restart).  It might not work well.
** Mongrel 1.1.4 available at 0.0.0.0:80
** Writing PID file to log/mongrel.pid
** Daemonized, any open files are closed.  Look at log/mongrel.pid and log/mongrel.log for info.
** Starting Mongrel listening at 0.0.0.0:80
** Starting Rails with production environment...
** Rails loaded.
** Loading any Rails specific GemPlugins
** Signals ready.  TERM => stop.  USR2 => restart.  INT => stop (no restart).
** Rails signals registered.  HUP => reload (without restart).  It might not work well.
** Mongrel 1.1.4 available at 0.0.0.0:80
** Writing PID file to log/mongrel.pid
** USR2 signal received.
Mon Oct 13 12:10:23 -0700 2008: Reaping 3 threads for slow workers because of 'shutdown'
Thread #<Thread:0xb697ba10 sleep> is too old, killing.
Mon Oct 13 12:10:23 -0700 2008: Error calling Dispatcher.dispatch #<Mongrel::TimeoutError: Mongrel timed out this thread: shutdown>Thread #<Thread:0xb697e698 sleep> is too old, killing.

/usr/lib/ruby/gems/1.8/gems/mongrel-1.1.4/bin/../lib/mongrel.rb:221:in `process'
/usr/lib/ruby/gems/1.8/gems/mongrel-1.1.4/bin/../lib/mongrel.rb:159:in `process_client'
/usr/lib/ruby/gems/1.8/gems/mongrel-1.1.4/bin/../lib/mongrel.rb:158:in `each'
/usr/lib/ruby/gems/1.8/gems/mongrel-1.1.4/bin/../lib/mongrel.rb:158:in `process_client'
/usr/lib/ruby/gems/1.8/gems/mongrel-1.1.4/bin/../lib/mongrel.rb:285:in `run'
/usr/lib/ruby/gems/1.8/gems/mongrel-1.1.4/bin/../lib/mongrel.rb:285:in `initialize'
/usr/lib/ruby/gems/1.8/gems/mongrel-1.1.4/bin/../lib/mongrel.rb:285:in `new'
/usr/lib/ruby/gems/1.8/gems/mongrel-1.1.4/bin/../lib/mongrel.rb:285:in `run'
/usr/lib/ruby/gems/1.8/gems/mongrel-1.1.4/bin/../lib/mongrel.rb:268:in `initialize'
/usr/lib/ruby/gems/1.8/gems/mongrel-1.1.4/bin/../lib/mongrel.rb:268:in `new'
/usr/lib/ruby/gems/1.8/gems/mongrel-1.1.4/bin/../lib/mongrel.rb:268:in `run'
/usr/lib/ruby/gems/1.8/gems/mongrel-1.1.4/bin/../lib/mongrel/configurator.rb:282:in `run'
/usr/lib/ruby/gems/1.8/gems/mongrel-1.1.4/bin/../lib/mongrel/configurator.rb:281:in `each'
/usr/lib/ruby/gems/1.8/gems/mongrel-1.1.4/bin/../lib/mongrel/configurator.rb:281:in `run'
/usr/lib/ruby/gems/1.8/gems/mongrel-1.1.4/bin/mongrel_rails:128:in `run'
/usr/lib/ruby/gems/1.8/gems/mongrel-1.1.4/bin/../lib/mongrel/command.rb:212:in `run'
/usr/lib/ruby/gems/1.8/gems/mongrel-1.1.4/bin/mongrel_rails:281
/usr/bin/mongrel_rails:19:in `load'
/usr/bin/mongrel_rails:19Waiting for 3 requests to finish, could take 60.0 seconds.

Mon Oct 13 12:10:29 -0700 2008: Reaping 1 threads for slow workers because of 'shutdown'
Waiting for 1 requests to finish, could take 60.0 seconds.
Mon Oct 13 12:10:35 -0700 2008: Reaping 1 threads for slow workers because of 'shutdown'
Waiting for 1 requests to finish, could take 60.0 seconds.
** TERM signal received.
/usr/lib/ruby/gems/1.8/gems/mongrel-1.1.4/bin/../lib/mongrel.rb:341:in `graceful_shutdown': Mongrel::StopServer (Mongrel::StopServer)
	from /usr/lib/ruby/gems/1.8/gems/mongrel-1.1.4/bin/../lib/mongrel/configurator.rb:303:in `join'
	from /usr/lib/ruby/gems/1.8/gems/mongrel-1.1.4/bin/../lib/mongrel/configurator.rb:303:in `join'
	from /usr/lib/ruby/gems/1.8/gems/mongrel-1.1.4/bin/../lib/mongrel/configurator.rb:303:in `each'
	from /usr/lib/ruby/gems/1.8/gems/mongrel-1.1.4/bin/../lib/mongrel/configurator.rb:303:in `join'
	from /usr/lib/ruby/gems/1.8/gems/mongrel-1.1.4/bin/mongrel_rails:137:in `run'
	from /usr/lib/ruby/gems/1.8/gems/mongrel-1.1.4/bin/../lib/mongrel/command.rb:212:in `run'
	from /usr/lib/ruby/gems/1.8/gems/mongrel-1.1.4/bin/mongrel_rails:281
	from /usr/bin/mongrel_rails:19:in `load'
	from /usr/bin/mongrel_rails:19
** Daemonized, any open files are closed.  Look at log/mongrel.pid and log/mongrel.log for info.
** Starting Mongrel listening at 0.0.0.0:80
** Starting Rails with production environment...
** Rails loaded.
** Loading any Rails specific GemPlugins
** Signals ready.  TERM => stop.  USR2 => restart.  INT => stop (no restart).
** Rails signals registered.  HUP => reload (without restart).  It might not work well.
** Mongrel 1.1.4 available at 0.0.0.0:80
** Writing PID file to log/mongrel.pid
